

  CPUT1:Core1: 0,331579
  CPUT1:Core2: 0,342105
  CPUT1:Core3: 0,326316
  CPUT1:Core4: 0,410526
  CPUT1:Core5: 0,315789
  CPUT1:Core6: 0,315789
  CPUT1:Core7: 0,268421
  CPUT1:Core8: 0,310526
  CPUT1:Core9: 0,284211
  CPUT1:Core10: 0,321053
  CPUT2:Core1: 0,300000
  CPUT2:Core2: 0,300000
  CPUT2:Core3: 0,400000
  CPUT2:Core4: 0,284211
  CPUT2:Core5: 0,305263
  CPUT2:Core6: 0,289474
  CPUT2:Core7: 0,284211
  CPUT2:Core8: 0,252632
  CPUT2:Core9: 0,289474
  CPUT2:Core10: 0,268421
  CPUT3:Core1: 0,236842
  CPUT3:Core2: 0,168421
  CPUT3:Core3: 0,163158
  CPUT3:Core4: 0,168421
  CPUT3:Core5: 0,173684
  CPUT3:Core6: 0,236842
  CPUT3:Core7: 0,126316
  CPUT3:Core8: 0,131579
  CPUT3:Core9: 0,163158
  CPUT3:Core10: 0,147368
  CPUT4:Core1: 0,389474
  CPUT4:Core2: 0,263158
  CPUT4:Core3: 0,310526
  CPUT4:Core4: 0,278947
  CPUT4:Core5: 0,294737
  CPUT4:Core6: 0,284211
  CPUT4:Core7: 0,294737
  CPUT4:Core8: 0,273684
  CPUT4:Core9: 0,247368
  CPUT4:Core10: 0,331579
  

  CPUT1:Core1: 0,766667
  CPUT1:Core2: 0,805556
  CPUT1:Core3: 0,788889
  CPUT1:Core4: 0,833333
  CPUT1:Core5: 0,708333
  CPUT1:Core6: 0,744444
  CPUT1:Core7: 0,691667
  CPUT1:Core8: 0,708333
  CPUT1:Core9: 0,708333
  CPUT1:Core10: 0,744444
  CPUT2:Core1: 0,763889
  CPUT2:Core2: 0,841667
  CPUT2:Core3: 0,869444
  CPUT2:Core4: 0,777778
  CPUT2:Core5: 0,800000
  CPUT2:Core6: 0,716667
  CPUT2:Core7: 0,716667
  CPUT2:Core8: 0,722222
  CPUT2:Core9: 0,727778
  CPUT2:Core10: 0,713889
  CPUT3:Core1: 0,341667
  CPUT3:Core2: 0,297222
  CPUT3:Core3: 0,286111
  CPUT3:Core4: 0,269444
  CPUT3:Core5: 0,316667
  CPUT3:Core6: 0,330556
  CPUT3:Core7: 0,280556
  CPUT3:Core8: 0,250000
  CPUT3:Core9: 0,275000
  CPUT3:Core10: 0,244444
  CPUT4:Core1: 0,788889
  CPUT4:Core2: 0,661111
  CPUT4:Core3: 0,755556
  CPUT4:Core4: 0,783333
  CPUT4:Core5: 0,763889
  CPUT4:Core6: 0,736111
  CPUT4:Core7: 0,727778
  CPUT4:Core8: 0,697222
  CPUT4:Core9: 0,741667
  CPUT4:Core10: 0,705556
  

  CPUT1:Core1: 1,057895
  CPUT1:Core2: 1,126316
  CPUT1:Core3: 1,157895
  CPUT1:Core4: 1,173684
  CPUT1:Core5: 1,063158
  CPUT1:Core6: 1,021053
  CPUT1:Core7: 0,978947
  CPUT1:Core8: 1,021053
  CPUT1:Core9: 0,947368
  CPUT1:Core10: 0,989474
  CPUT2:Core1: 1,342105
  CPUT2:Core2: 1,384211
  CPUT2:Core3: 1,457895
  CPUT2:Core4: 1,368421
  CPUT2:Core5: 1,405263
  CPUT2:Core6: 1,226316
  CPUT2:Core7: 1,205263
  CPUT2:Core8: 1,247368
  CPUT2:Core9: 1,210526
  CPUT2:Core10: 1,210526
  CPUT3:Core1: 0,515789
  CPUT3:Core2: 0,494737
  CPUT3:Core3: 0,489474
  CPUT3:Core4: 0,468421
  CPUT3:Core5: 0,483333
  CPUT3:Core6: 0,516667
  CPUT3:Core7: 0,405556
  CPUT3:Core8: 0,427778
  CPUT3:Core9: 0,394444
  CPUT3:Core10: 0,411111
  CPUT4:Core1: 1,233333
  CPUT4:Core2: 1,111111
  CPUT4:Core3: 1,238889
  CPUT4:Core4: 1,255556
  CPUT4:Core5: 1,277778
  CPUT4:Core6: 1,200000
  CPUT4:Core7: 1,161111
  CPUT4:Core8: 1,150000
  CPUT4:Core9: 1,205556
  CPUT4:Core10: 1,127778
  

  CPUT1:Core1: 1,713514
  CPUT1:Core2: 1,794595
  CPUT1:Core3: 1,856757
  CPUT1:Core4: 1,794595
  CPUT1:Core5: 1,730556
  CPUT1:Core6: 1,630556
  CPUT1:Core7: 1,569444
  CPUT1:Core8: 1,638889
  CPUT1:Core9: 1,547222
  CPUT1:Core10: 1,627778
  CPUT2:Core1: 1,702778
  CPUT2:Core2: 1,863889
  CPUT2:Core3: 1,872222
  CPUT2:Core4: 1,744444
  CPUT2:Core5: 1,794444
  CPUT2:Core6: 1,675000
  CPUT2:Core7: 1,500000
  CPUT2:Core8: 1,555556
  CPUT2:Core9: 1,605556
  CPUT2:Core10: 1,644444
  CPUT3:Core1: 0,661111
  CPUT3:Core2: 0,680556
  CPUT3:Core3: 0,680556
  CPUT3:Core4: 0,622222
  CPUT3:Core5: 0,683333
  CPUT3:Core6: 0,594444
  CPUT3:Core7: 0,572222
  CPUT3:Core8: 0,536111
  CPUT3:Core9: 0,561111
  CPUT3:Core10: 0,541667
  CPUT4:Core1: 1,633333
  CPUT4:Core2: 1,558333
  CPUT4:Core3: 1,658333
  CPUT4:Core4: 1,719444
  CPUT4:Core5: 1,694444
  CPUT4:Core6: 1,600000
  CPUT4:Core7: 1,555556
  CPUT4:Core8: 1,555556
  CPUT4:Core9: 1,569444
  CPUT4:Core10: 1,488889
  

  CPUT1:Core1: 2,068421
  CPUT1:Core2: 2,205263
  CPUT1:Core3: 2,252632
  CPUT1:Core4: 2,157895
  CPUT1:Core5: 2,115789
  CPUT1:Core6: 1,994737
  CPUT1:Core7: 1,873684
  CPUT1:Core8: 1,884211
  CPUT1:Core9: 1,889474
  CPUT1:Core10: 1,963158
  CPUT2:Core1: 2,278947
  CPUT2:Core2: 2,373684
  CPUT2:Core3: 2,426316
  CPUT2:Core4: 2,300000
  CPUT2:Core5: 2,494737
  CPUT2:Core6: 2,168421
  CPUT2:Core7: 2,084211
  CPUT2:Core8: 2,115789
  CPUT2:Core9: 2,136842
  CPUT2:Core10: 2,042105
  CPUT3:Core1: 0,873684
  CPUT3:Core2: 0,831579
  CPUT3:Core3: 0,842105
  CPUT3:Core4: 0,831579
  CPUT3:Core5: 0,847368
  CPUT3:Core6: 0,784211
  CPUT3:Core7: 0,800000
  CPUT3:Core8: 0,710526
  CPUT3:Core9: 0,700000
  CPUT3:Core10: 0,694737
  CPUT4:Core1: 2,068421
  CPUT4:Core2: 2,015789
  CPUT4:Core3: 2,057895
  CPUT4:Core4: 2,189474
  CPUT4:Core5: 2,126316
  CPUT4:Core6: 2,042105
  CPUT4:Core7: 2,031579
  CPUT4:Core8: 2,026316
  CPUT4:Core9: 1,963158
  CPUT4:Core10: 1,952632
  

  CPUT1:Core1: 2,427027
  CPUT1:Core2: 2,562162
  CPUT1:Core3: 2,554054
  CPUT1:Core4: 2,467568
  CPUT1:Core5: 2,302703
  CPUT1:Core6: 2,281081
  CPUT1:Core7: 2,178378
  CPUT1:Core8: 2,164865
  CPUT1:Core9: 2,202703
  CPUT1:Core10: 2,264865
  CPUT2:Core1: 2,359459
  CPUT2:Core2: 2,544444
  CPUT2:Core3: 2,527778
  CPUT2:Core4: 2,494444
  CPUT2:Core5: 2,561111
  CPUT2:Core6: 2,327778
  CPUT2:Core7: 2,111111
  CPUT2:Core8: 2,177778
  CPUT2:Core9: 2,202778
  CPUT2:Core10: 2,213889
  CPUT3:Core1: 0,947222
  CPUT3:Core2: 0,980556
  CPUT3:Core3: 0,927778
  CPUT3:Core4: 0,913889
  CPUT3:Core5: 0,980556
  CPUT3:Core6: 0,919444
  CPUT3:Core7: 0,838889
  CPUT3:Core8: 0,802778
  CPUT3:Core9: 0,755556
  CPUT3:Core10: 0,825000
  CPUT4:Core1: 2,341667
  CPUT4:Core2: 2,305556
  CPUT4:Core3: 2,469444
  CPUT4:Core4: 2,505556
  CPUT4:Core5: 2,466667
  CPUT4:Core6: 2,380556
  CPUT4:Core7: 2,327778
  CPUT4:Core8: 2,258333
  CPUT4:Core9: 2,252778
  CPUT4:Core10: 2,186111
  

  CPUT1:Core1: 2,752632
  CPUT1:Core2: 2,947368
  CPUT1:Core3: 2,947368
  CPUT1:Core4: 2,831579
  CPUT1:Core5: 2,710526
  CPUT1:Core6: 2,573684
  CPUT1:Core7: 2,463158
  CPUT1:Core8: 2,557895
  CPUT1:Core9: 2,589474
  CPUT1:Core10: 2,594737
  CPUT2:Core1: 2,994737
  CPUT2:Core2: 3,115789
  CPUT2:Core3: 3,284211
  CPUT2:Core4: 3,231579
  CPUT2:Core5: 3,257895
  CPUT2:Core6: 2,847368
  CPUT2:Core7: 2,821053
  CPUT2:Core8: 2,710526
  CPUT2:Core9: 2,826316
  CPUT2:Core10: 2,821053
  CPUT3:Core1: 1,110526
  CPUT3:Core2: 1,142105
  CPUT3:Core3: 1,105263
  CPUT3:Core4: 1,073684
  CPUT3:Core5: 1,136842
  CPUT3:Core6: 1,052632
  CPUT3:Core7: 0,984211
  CPUT3:Core8: 0,952632
  CPUT3:Core9: 0,868421
  CPUT3:Core10: 0,910526
  CPUT4:Core1: 2,684211
  CPUT4:Core2: 2,673684
  CPUT4:Core3: 2,877778
  CPUT4:Core4: 2,916667
  CPUT4:Core5: 2,977778
  CPUT4:Core6: 2,833333
  CPUT4:Core7: 2,716667
  CPUT4:Core8: 2,627778
  CPUT4:Core9: 2,655556
  CPUT4:Core10: 2,483333
  

  CPUT1:Core1: 3,389189
  CPUT1:Core2: 3,540541
  CPUT1:Core3: 3,694595
  CPUT1:Core4: 3,510811
  CPUT1:Core5: 3,443243
  CPUT1:Core6: 3,205556
  CPUT1:Core7: 3,091667
  CPUT1:Core8: 3,125000
  CPUT1:Core9: 3,125000
  CPUT1:Core10: 3,261111
  CPUT2:Core1: 3,622222
  CPUT2:Core2: 3,883333
  CPUT2:Core3: 3,811111
  CPUT2:Core4: 3,861111
  CPUT2:Core5: 3,847222
  CPUT2:Core6: 3,375000
  CPUT2:Core7: 3,355556
  CPUT2:Core8: 3,313889
  CPUT2:Core9: 3,455556
  CPUT2:Core10: 3,291667
  CPUT3:Core1: 1,375000
  CPUT3:Core2: 1,405556
  CPUT3:Core3: 1,372222
  CPUT3:Core4: 1,455556
  CPUT3:Core5: 1,455556
  CPUT3:Core6: 1,250000
  CPUT3:Core7: 1,288889
  CPUT3:Core8: 1,205556
  CPUT3:Core9: 1,158333
  CPUT3:Core10: 1,194444
  CPUT4:Core1: 3,497222
  CPUT4:Core2: 3,513889
  CPUT4:Core3: 3,697222
  CPUT4:Core4: 3,775000
  CPUT4:Core5: 3,855556
  CPUT4:Core6: 3,672222
  CPUT4:Core7: 3,552778
  CPUT4:Core8: 3,472222
  CPUT4:Core9: 3,466667
  CPUT4:Core10: 3,216667
  

  CPUT1:Core1: 3,794737
  CPUT1:Core2: 4,105263
  CPUT1:Core3: 4,015789
  CPUT1:Core4: 3,968421
  CPUT1:Core5: 3,621053
  CPUT1:Core6: 3,731579
  CPUT1:Core7: 3,473684
  CPUT1:Core8: 3,536842
  CPUT1:Core9: 3,515789
  CPUT1:Core10: 3,647368
  CPUT2:Core1: 3,942105
  CPUT2:Core2: 4,226316
  CPUT2:Core3: 4,184211
  CPUT2:Core4: 4,089474
  CPUT2:Core5: 4,189474
  CPUT2:Core6: 3,668421
  CPUT2:Core7: 3,594737
  CPUT2:Core8: 3,605263
  CPUT2:Core9: 3,789474
  CPUT2:Core10: 3,673684
  CPUT3:Core1: 1,478947
  CPUT3:Core2: 1,484211
  CPUT3:Core3: 1,531579
  CPUT3:Core4: 1,463158
  CPUT3:Core5: 1,605263
  CPUT3:Core6: 1,484211
  CPUT3:Core7: 1,347368
  CPUT3:Core8: 1,326316
  CPUT3:Core9: 1,189474
  CPUT3:Core10: 1,273684
  CPUT4:Core1: 3,710526
  CPUT4:Core2: 3,689474
  CPUT4:Core3: 3,984211
  CPUT4:Core4: 4,052632
  CPUT4:Core5: 4,089474
  CPUT4:Core6: 3,847368
  CPUT4:Core7: 3,705263
  CPUT4:Core8: 3,600000
  CPUT4:Core9: 3,710526
  CPUT4:Core10: 3,457895
  

  CPUT1:Core1: 4,302703
  CPUT1:Core2: 4,618919
  CPUT1:Core3: 4,567568
  CPUT1:Core4: 4,375676
  CPUT1:Core5: 4,335135
  CPUT1:Core6: 4,037838
  CPUT1:Core7: 3,867568
  CPUT1:Core8: 3,921622
  CPUT1:Core9: 3,956757
  CPUT1:Core10: 4,043243
  CPUT2:Core1: 4,689189
  CPUT2:Core2: 5,016667
  CPUT2:Core3: 4,891667
  CPUT2:Core4: 4,797222
  CPUT2:Core5: 4,944444
  CPUT2:Core6: 4,494444
  CPUT2:Core7: 4,350000
  CPUT2:Core8: 4,288889
  CPUT2:Core9: 4,369444
  CPUT2:Core10: 4,241667
  CPUT3:Core1: 1,597222
  CPUT3:Core2: 1,736111
  CPUT3:Core3: 1,708333
  CPUT3:Core4: 1,713889
  CPUT3:Core5: 1,786111
  CPUT3:Core6: 1,533333
  CPUT3:Core7: 1,538889
  CPUT3:Core8: 1,497222
  CPUT3:Core9: 1,408333
  CPUT3:Core10: 1,463889
  CPUT4:Core1: 4,366667
  CPUT4:Core2: 4,266667
  CPUT4:Core3: 4,563889
  CPUT4:Core4: 4,738889
  CPUT4:Core5: 4,708333
  CPUT4:Core6: 4,466667
  CPUT4:Core7: 4,330556
  CPUT4:Core8: 4,308333
  CPUT4:Core9: 4,213889
  CPUT4:Core10: 3,936111
  

  CPUT1:Core1: 4,531579
  CPUT1:Core2: 4,815789
  CPUT1:Core3: 4,852632
  CPUT1:Core4: 4,578947
  CPUT1:Core5: 4,526316
  CPUT1:Core6: 4,357895
  CPUT1:Core7: 4,215789
  CPUT1:Core8: 4,136842
  CPUT1:Core9: 4,094737
  CPUT1:Core10: 4,263158
  CPUT2:Core1: 4,936842
  CPUT2:Core2: 5,373684
  CPUT2:Core3: 5,194737
  CPUT2:Core4: 5,131579
  CPUT2:Core5: 5,305263
  CPUT2:Core6: 4,668421
  CPUT2:Core7: 4,615789
  CPUT2:Core8: 4,578947
  CPUT2:Core9: 4,652632
  CPUT2:Core10: 4,526316
  CPUT3:Core1: 1,721053
  CPUT3:Core2: 1,842105
  CPUT3:Core3: 1,847368
  CPUT3:Core4: 1,784211
  CPUT3:Core5: 1,936842
  CPUT3:Core6: 1,668421
  CPUT3:Core7: 1,621053
  CPUT3:Core8: 1,610526
  CPUT3:Core9: 1,526316
  CPUT3:Core10: 1,531579
  CPUT4:Core1: 4,600000
  CPUT4:Core2: 4,621053
  CPUT4:Core3: 5,026316
  CPUT4:Core4: 5,026316
  CPUT4:Core5: 5,036842
  CPUT4:Core6: 4,810526
  CPUT4:Core7: 4,689474
  CPUT4:Core8: 4,678947
  CPUT4:Core9: 4,600000
  CPUT4:Core10: 4,436842
  

  CPUT1:Core1: 4,966667
  CPUT1:Core2: 5,430556
  CPUT1:Core3: 5,458333
  CPUT1:Core4: 5,152778
  CPUT1:Core5: 5,150000
  CPUT1:Core6: 4,908333
  CPUT1:Core7: 4,633333
  CPUT1:Core8: 4,605556
  CPUT1:Core9: 4,650000
  CPUT1:Core10: 4,766667
  CPUT2:Core1: 5,538889
  CPUT2:Core2: 5,919444
  CPUT2:Core3: 5,941667
  CPUT2:Core4: 5,522222
  CPUT2:Core5: 5,872222
  CPUT2:Core6: 5,208333
  CPUT2:Core7: 5,213889
  CPUT2:Core8: 5,094444
  CPUT2:Core9: 5,213889
  CPUT2:Core10: 5,119444
  CPUT3:Core1: 1,930556
  CPUT3:Core2: 2,077778
  CPUT3:Core3: 2,019444
  CPUT3:Core4: 2,011111
  CPUT3:Core5: 2,166667
  CPUT3:Core6: 1,813889
  CPUT3:Core7: 1,838889
  CPUT3:Core8: 1,719444
  CPUT3:Core9: 1,633333
  CPUT3:Core10: 1,691667
  CPUT4:Core1: 5,030556
  CPUT4:Core2: 5,113889
  CPUT4:Core3: 5,327778
  CPUT4:Core4: 5,561111
  CPUT4:Core5: 5,541667
  CPUT4:Core6: 5,325000
  CPUT4:Core7: 5,116667
  CPUT4:Core8: 5,069444
  CPUT4:Core9: 4,930556
  CPUT4:Core10: 4,694444
  

  CPUT1:Core1: 5,308108
  CPUT1:Core2: 5,564865
  CPUT1:Core3: 5,691892
  CPUT1:Core4: 5,400000
  CPUT1:Core5: 5,289189
  CPUT1:Core6: 5,116216
  CPUT1:Core7: 4,929730
  CPUT1:Core8: 4,940541
  CPUT1:Core9: 4,813514
  CPUT1:Core10: 4,921622
  CPUT2:Core1: 5,848649
  CPUT2:Core2: 6,267568
  CPUT2:Core3: 6,118919
  CPUT2:Core4: 5,970270
  CPUT2:Core5: 6,113514
  CPUT2:Core6: 5,656757
  CPUT2:Core7: 5,297297
  CPUT2:Core8: 5,343243
  CPUT2:Core9: 5,421622
  CPUT2:Core10: 5,286486
  CPUT3:Core1: 2,041667
  CPUT3:Core2: 2,144444
  CPUT3:Core3: 2,155556
  CPUT3:Core4: 2,091667
  CPUT3:Core5: 2,216667
  CPUT3:Core6: 1,916667
  CPUT3:Core7: 1,869444
  CPUT3:Core8: 1,822222
  CPUT3:Core9: 1,736111
  CPUT3:Core10: 1,783333
  CPUT4:Core1: 5,452778
  CPUT4:Core2: 5,488889
  CPUT4:Core3: 5,947222
  CPUT4:Core4: 5,966667
  CPUT4:Core5: 6,091667
  CPUT4:Core6: 5,761111
  CPUT4:Core7: 5,558333
  CPUT4:Core8: 5,369444
  CPUT4:Core9: 5,394444
  CPUT4:Core10: 5,136111
  

  CPUT1:Core1: 5,781081
  CPUT1:Core2: 6,224324
  CPUT1:Core3: 6,402703
  CPUT1:Core4: 5,889189
  CPUT1:Core5: 5,767568
  CPUT1:Core6: 5,600000
  CPUT1:Core7: 5,256757
  CPUT1:Core8: 5,297297
  CPUT1:Core9: 5,397297
  CPUT1:Core10: 5,483784
  CPUT2:Core1: 6,291892
  CPUT2:Core2: 6,700000
  CPUT2:Core3: 6,621622
  CPUT2:Core4: 6,464865
  CPUT2:Core5: 6,672973
  CPUT2:Core6: 6,108108
  CPUT2:Core7: 5,875000
  CPUT2:Core8: 5,786111
  CPUT2:Core9: 5,819444
  CPUT2:Core10: 5,761111
  CPUT3:Core1: 2,219444
  CPUT3:Core2: 2,383333
  CPUT3:Core3: 2,352778
  CPUT3:Core4: 2,302778
  CPUT3:Core5: 2,483333
  CPUT3:Core6: 2,150000
  CPUT3:Core7: 2,097222
  CPUT3:Core8: 2,019444
  CPUT3:Core9: 1,947222
  CPUT3:Core10: 2,000000
  CPUT4:Core1: 5,669444
  CPUT4:Core2: 5,766667
  CPUT4:Core3: 6,183333
  CPUT4:Core4: 6,352778
  CPUT4:Core5: 6,366667
  CPUT4:Core6: 5,997222
  CPUT4:Core7: 5,905556
  CPUT4:Core8: 5,688889
  CPUT4:Core9: 5,694444
  CPUT4:Core10: 5,408333
  

  CPUT1:Core1: 6,429730
  CPUT1:Core2: 6,851351
  CPUT1:Core3: 7,070270
  CPUT1:Core4: 6,405405
  CPUT1:Core5: 6,602703
  CPUT1:Core6: 6,175676
  CPUT1:Core7: 5,927027
  CPUT1:Core8: 5,778378
  CPUT1:Core9: 5,808108
  CPUT1:Core10: 5,924324
  CPUT2:Core1: 6,535135
  CPUT2:Core2: 7,097297
  CPUT2:Core3: 6,889189
  CPUT2:Core4: 6,900000
  CPUT2:Core5: 6,948649
  CPUT2:Core6: 6,313514
  CPUT2:Core7: 6,018919
  CPUT2:Core8: 6,032432
  CPUT2:Core9: 6,154054
  CPUT2:Core10: 6,094444
  CPUT3:Core1: 2,444444
  CPUT3:Core2: 2,558333
  CPUT3:Core3: 2,505556
  CPUT3:Core4: 2,563889
  CPUT3:Core5: 2,675000
  CPUT3:Core6: 2,258333
  CPUT3:Core7: 2,222222
  CPUT3:Core8: 2,163889
  CPUT3:Core9: 2,094444
  CPUT3:Core10: 2,147222
  CPUT4:Core1: 6,225000
  CPUT4:Core2: 6,405556
  CPUT4:Core3: 6,800000
  CPUT4:Core4: 6,900000
  CPUT4:Core5: 7,097222
  CPUT4:Core6: 6,605556
  CPUT4:Core7: 6,408333
  CPUT4:Core8: 6,369444
  CPUT4:Core9: 6,247222
  CPUT4:Core10: 5,919444
  

  CPUT1:Core1: 7,068421
  CPUT1:Core2: 7,378947
  CPUT1:Core3: 7,394737
  CPUT1:Core4: 6,931579
  CPUT1:Core5: 7,205263
  CPUT1:Core6: 6,694737
  CPUT1:Core7: 6,257895
  CPUT1:Core8: 6,378947
  CPUT1:Core9: 6,431579
  CPUT1:Core10: 6,452632
  CPUT2:Core1: 6,915789
  CPUT2:Core2: 7,442105
  CPUT2:Core3: 7,389474
  CPUT2:Core4: 7,263158
  CPUT2:Core5: 7,442105
  CPUT2:Core6: 6,773684
  CPUT2:Core7: 6,400000
  CPUT2:Core8: 6,636842
  CPUT2:Core9: 6,752632
  CPUT2:Core10: 6,331579
  CPUT3:Core1: 2,563158
  CPUT3:Core2: 2,678947
  CPUT3:Core3: 2,757895
  CPUT3:Core4: 2,673684
  CPUT3:Core5: 2,857895
  CPUT3:Core6: 2,463158
  CPUT3:Core7: 2,389474
  CPUT3:Core8: 2,263158
  CPUT3:Core9: 2,184211
  CPUT3:Core10: 2,273684
  CPUT4:Core1: 6,652632
  CPUT4:Core2: 6,836842
  CPUT4:Core3: 6,931579
  CPUT4:Core4: 7,252632
  CPUT4:Core5: 7,531579
  CPUT4:Core6: 7,021053
  CPUT4:Core7: 6,784211
  CPUT4:Core8: 6,773684
  CPUT4:Core9: 6,694737
  CPUT4:Core10: 6,289474
  

  CPUT1:Core1: 7,416216
  CPUT1:Core2: 7,948649
  CPUT1:Core3: 8,189189
  CPUT1:Core4: 7,578378
  CPUT1:Core5: 7,467568
  CPUT1:Core6: 7,167568
  CPUT1:Core7: 6,886486
  CPUT1:Core8: 6,891892
  CPUT1:Core9: 6,845946
  CPUT1:Core10: 7,156757
  CPUT2:Core1: 7,605405
  CPUT2:Core2: 8,254054
  CPUT2:Core3: 7,975676
  CPUT2:Core4: 8,100000
  CPUT2:Core5: 8,240541
  CPUT2:Core6: 7,370270
  CPUT2:Core7: 7,062162
  CPUT2:Core8: 7,029730
  CPUT2:Core9: 7,143243
  CPUT2:Core10: 6,932432
  CPUT3:Core1: 2,824324
  CPUT3:Core2: 2,978378
  CPUT3:Core3: 2,929730
  CPUT3:Core4: 2,951351
  CPUT3:Core5: 3,048649
  CPUT3:Core6: 2,670270
  CPUT3:Core7: 2,659459
  CPUT3:Core8: 2,483784
  CPUT3:Core9: 2,413514
  CPUT3:Core10: 2,455556
  CPUT4:Core1: 7,244444
  CPUT4:Core2: 7,527778
  CPUT4:Core3: 7,880556
  CPUT4:Core4: 8,222222
  CPUT4:Core5: 8,366667
  CPUT4:Core6: 7,797222
  CPUT4:Core7: 7,616667
  CPUT4:Core8: 7,522222
  CPUT4:Core9: 7,452778
  CPUT4:Core10: 7,025000
  

  CPUT1:Core1: 7,808108
  CPUT1:Core2: 8,394595
  CPUT1:Core3: 8,483784
  CPUT1:Core4: 7,897297
  CPUT1:Core5: 7,986486
  CPUT1:Core6: 7,472973
  CPUT1:Core7: 7,302703
  CPUT1:Core8: 7,262162
  CPUT1:Core9: 7,278378
  CPUT1:Core10: 7,464865
  CPUT2:Core1: 8,505405
  CPUT2:Core2: 9,045946
  CPUT2:Core3: 8,894595
  CPUT2:Core4: 8,991892
  CPUT2:Core5: 9,078378
  CPUT2:Core6: 8,097297
  CPUT2:Core7: 7,810811
  CPUT2:Core8: 7,859459
  CPUT2:Core9: 7,894595
  CPUT2:Core10: 7,667568
  CPUT3:Core1: 2,972973
  CPUT3:Core2: 3,172973
  CPUT3:Core3: 3,127027
  CPUT3:Core4: 3,137838
  CPUT3:Core5: 3,389189
  CPUT3:Core6: 2,783784
  CPUT3:Core7: 2,872973
  CPUT3:Core8: 2,670270
  CPUT3:Core9: 2,535135
  CPUT3:Core10: 2,632432
  CPUT4:Core1: 8,013514
  CPUT4:Core2: 8,237838
  CPUT4:Core3: 8,859459
  CPUT4:Core4: 8,972973
  CPUT4:Core5: 9,178378
  CPUT4:Core6: 8,478378
  CPUT4:Core7: 8,367568
  CPUT4:Core8: 8,127027
  CPUT4:Core9: 8,035135
  CPUT4:Core10: 7,654054
  

  CPUT1:Core1: 9,270270
  CPUT1:Core2: 9,745946
  CPUT1:Core3: 10,105405
  CPUT1:Core4: 9,259459
  CPUT1:Core5: 9,745946
  CPUT1:Core6: 8,832432
  CPUT1:Core7: 8,427027
  CPUT1:Core8: 8,421622
  CPUT1:Core9: 8,654054
  CPUT1:Core10: 8,667568
  CPUT2:Core1: 9,643243
  CPUT2:Core2: 10,348649
  CPUT2:Core3: 10,100000
  CPUT2:Core4: 10,324324
  CPUT2:Core5: 10,218919
  CPUT2:Core6: 9,351351
  CPUT2:Core7: 8,963889
  CPUT2:Core8: 8,886111
  CPUT2:Core9: 9,125000
  CPUT2:Core10: 8,972222
  CPUT3:Core1: 3,483333
  CPUT3:Core2: 3,747222
  CPUT3:Core3: 3,700000
  CPUT3:Core4: 3,716667
  CPUT3:Core5: 3,883333
  CPUT3:Core6: 3,269444
  CPUT3:Core7: 3,291667
  CPUT3:Core8: 3,144444
  CPUT3:Core9: 2,991667
  CPUT3:Core10: 3,102778
  CPUT4:Core1: 8,888889
  CPUT4:Core2: 9,247222
  CPUT4:Core3: 9,808333
  CPUT4:Core4: 10,102778
  CPUT4:Core5: 10,163889
  CPUT4:Core6: 9,547222
  CPUT4:Core7: 9,302778
  CPUT4:Core8: 9,138889
  CPUT4:Core9: 9,022222
  CPUT4:Core10: 8,452778
  

  CPUT1:Core1: 10,164865
  CPUT1:Core2: 10,891892
  CPUT1:Core3: 10,897297
  CPUT1:Core4: 10,151351
  CPUT1:Core5: 10,659459
  CPUT1:Core6: 9,727027
  CPUT1:Core7: 9,413514
  CPUT1:Core8: 9,256757
  CPUT1:Core9: 9,381081
  CPUT1:Core10: 9,648649
  CPUT2:Core1: 10,356757
  CPUT2:Core2: 11,132432
  CPUT2:Core3: 10,856757
  CPUT2:Core4: 11,145946
  CPUT2:Core5: 11,091892
  CPUT2:Core6: 10,143243
  CPUT2:Core7: 9,602703
  CPUT2:Core8: 9,710811
  CPUT2:Core9: 9,743243
  CPUT2:Core10: 9,554054
  CPUT3:Core1: 3,743243
  CPUT3:Core2: 4,081081
  CPUT3:Core3: 3,986111
  CPUT3:Core4: 4,058333
  CPUT3:Core5: 4,216667
  CPUT3:Core6: 3,536111
  CPUT3:Core7: 3,663889
  CPUT3:Core8: 3,472222
  CPUT3:Core9: 3,247222
  CPUT3:Core10: 3,427778
  CPUT4:Core1: 9,983333
  CPUT4:Core2: 10,302778
  CPUT4:Core3: 11,086111
  CPUT4:Core4: 11,241667
  CPUT4:Core5: 11,352778
  CPUT4:Core6: 10,813889
  CPUT4:Core7: 10,455556
  CPUT4:Core8: 10,375000
  CPUT4:Core9: 10,202778
  CPUT4:Core10: 9,486111
  

  CPUT1:Core1: 0,205263
  CPUT1:Core2: 0,226316
  CPUT1:Core3: 0,221053
  CPUT1:Core4: 0,363158
  CPUT1:Core5: 0,357895
  CPUT1:Core6: 0,215789
  CPUT1:Core7: 0,210526
  CPUT1:Core8: 0,205263
  CPUT1:Core9: 0,205263
  CPUT1:Core10: 0,210526
  CPUT2:Core1: 0,242105
  CPUT2:Core2: 0,236842
  CPUT2:Core3: 0,331579
  CPUT2:Core4: 0,305263
  CPUT2:Core5: 0,221053
  CPUT2:Core6: 0,215789
  CPUT2:Core7: 0,210526
  CPUT2:Core8: 0,210526
  CPUT2:Core9: 0,215789
  CPUT2:Core10: 0,215789
  CPUT3:Core1: 0,221053
  CPUT3:Core2: 0,200000
  CPUT3:Core3: 0,215789
  CPUT3:Core4: 0,205263
  CPUT3:Core5: 0,178947
  CPUT3:Core6: 0,231579
  CPUT3:Core7: 0,210526
  CPUT3:Core8: 0,168421
  CPUT3:Core9: 0,152632
  CPUT3:Core10: 0,147368
  CPUT4:Core1: 0,352632
  CPUT4:Core2: 0,215789
  CPUT4:Core3: 0,233333
  CPUT4:Core4: 0,255556
  CPUT4:Core5: 0,233333
  CPUT4:Core6: 0,211111
  CPUT4:Core7: 0,211111
  CPUT4:Core8: 0,222222
  CPUT4:Core9: 0,216667
  CPUT4:Core10: 0,233333
  

  CPUT1:Core1: 0,447222
  CPUT1:Core2: 0,469444
  CPUT1:Core3: 0,452778
  CPUT1:Core4: 0,588889
  CPUT1:Core5: 0,438889
  CPUT1:Core6: 0,422222
  CPUT1:Core7: 0,386111
  CPUT1:Core8: 0,397222
  CPUT1:Core9: 0,433333
  CPUT1:Core10: 0,394444
  CPUT2:Core1: 0,458333
  CPUT2:Core2: 0,463889
  CPUT2:Core3: 0,575000
  CPUT2:Core4: 0,405556
  CPUT2:Core5: 0,480556
  CPUT2:Core6: 0,408333
  CPUT2:Core7: 0,388889
  CPUT2:Core8: 0,377778
  CPUT2:Core9: 0,402778
  CPUT2:Core10: 0,411111
  CPUT3:Core1: 0,344444
  CPUT3:Core2: 0,308333
  CPUT3:Core3: 0,325000
  CPUT3:Core4: 0,283333
  CPUT3:Core5: 0,313889
  CPUT3:Core6: 0,336111
  CPUT3:Core7: 0,266667
  CPUT3:Core8: 0,263889
  CPUT3:Core9: 0,241667
  CPUT3:Core10: 0,252778
  CPUT4:Core1: 0,652778
  CPUT4:Core2: 0,525000
  CPUT4:Core3: 0,566667
  CPUT4:Core4: 0,575000
  CPUT4:Core5: 0,597222
  CPUT4:Core6: 0,547222
  CPUT4:Core7: 0,538889
  CPUT4:Core8: 0,541667
  CPUT4:Core9: 0,536111
  CPUT4:Core10: 0,541667
  

  CPUT1:Core1: 0,652632
  CPUT1:Core2: 0,757895
  CPUT1:Core3: 0,715789
  CPUT1:Core4: 0,821053
  CPUT1:Core5: 0,626316
  CPUT1:Core6: 0,678947
  CPUT1:Core7: 0,647368
  CPUT1:Core8: 0,668421
  CPUT1:Core9: 0,673684
  CPUT1:Core10: 0,652632
  CPUT2:Core1: 0,689474
  CPUT2:Core2: 0,742105
  CPUT2:Core3: 0,763158
  CPUT2:Core4: 0,636842
  CPUT2:Core5: 0,721053
  CPUT2:Core6: 0,621053
  CPUT2:Core7: 0,605263
  CPUT2:Core8: 0,578947
  CPUT2:Core9: 0,631579
  CPUT2:Core10: 0,621053
  CPUT3:Core1: 0,594737
  CPUT3:Core2: 0,515789
  CPUT3:Core3: 0,489474
  CPUT3:Core4: 0,478947
  CPUT3:Core5: 0,526316
  CPUT3:Core6: 0,526316
  CPUT3:Core7: 0,431579
  CPUT3:Core8: 0,442105
  CPUT3:Core9: 0,421053
  CPUT3:Core10: 0,415789
  CPUT4:Core1: 0,963158
  CPUT4:Core2: 0,878947
  CPUT4:Core3: 0,915789
  CPUT4:Core4: 0,957895
  CPUT4:Core5: 0,989474
  CPUT4:Core6: 0,921053
  CPUT4:Core7: 0,884211
  CPUT4:Core8: 0,889474
  CPUT4:Core9: 0,852632
  CPUT4:Core10: 0,852632
  

  CPUT1:Core1: 0,916667
  CPUT1:Core2: 0,952778
  CPUT1:Core3: 0,963889
  CPUT1:Core4: 0,975000
  CPUT1:Core5: 0,775000
  CPUT1:Core6: 0,866667
  CPUT1:Core7: 0,836111
  CPUT1:Core8: 0,850000
  CPUT1:Core9: 0,883333
  CPUT1:Core10: 0,872222
  CPUT2:Core1: 0,897222
  CPUT2:Core2: 0,927778
  CPUT2:Core3: 0,994444
  CPUT2:Core4: 0,827778
  CPUT2:Core5: 0,966667
  CPUT2:Core6: 0,816667
  CPUT2:Core7: 0,811111
  CPUT2:Core8: 0,816667
  CPUT2:Core9: 0,822222
  CPUT2:Core10: 0,811111
  CPUT3:Core1: 0,686111
  CPUT3:Core2: 0,702778
  CPUT3:Core3: 0,647222
  CPUT3:Core4: 0,647222
  CPUT3:Core5: 0,691667
  CPUT3:Core6: 0,641667
  CPUT3:Core7: 0,572222
  CPUT3:Core8: 0,569444
  CPUT3:Core9: 0,552778
  CPUT3:Core10: 0,533333
  CPUT4:Core1: 1,330556
  CPUT4:Core2: 1,275000
  CPUT4:Core3: 1,302778
  CPUT4:Core4: 1,338889
  CPUT4:Core5: 1,372222
  CPUT4:Core6: 1,275000
  CPUT4:Core7: 1,261111
  CPUT4:Core8: 1,213889
  CPUT4:Core9: 1,205556
  CPUT4:Core10: 1,191667
  

  CPUT1:Core1: 1,126316
  CPUT1:Core2: 1,168421
  CPUT1:Core3: 1,110526
  CPUT1:Core4: 1,189474
  CPUT1:Core5: 1,021053
  CPUT1:Core6: 1,084211
  CPUT1:Core7: 1,047368
  CPUT1:Core8: 1,000000
  CPUT1:Core9: 1,047368
  CPUT1:Core10: 1,089474
  CPUT2:Core1: 1,057895
  CPUT2:Core2: 1,073684
  CPUT2:Core3: 1,152632
  CPUT2:Core4: 1,042105
  CPUT2:Core5: 1,115789
  CPUT2:Core6: 0,957895
  CPUT2:Core7: 0,936842
  CPUT2:Core8: 0,889474
  CPUT2:Core9: 0,942105
  CPUT2:Core10: 0,973684
  CPUT3:Core1: 0,810526
  CPUT3:Core2: 0,852632
  CPUT3:Core3: 0,873684
  CPUT3:Core4: 0,800000
  CPUT3:Core5: 0,905263
  CPUT3:Core6: 0,773684
  CPUT3:Core7: 0,794737
  CPUT3:Core8: 0,678947
  CPUT3:Core9: 0,657895
  CPUT3:Core10: 0,684211
  CPUT4:Core1: 1,694737
  CPUT4:Core2: 1,605263
  CPUT4:Core3: 1,689474
  CPUT4:Core4: 1,731579
  CPUT4:Core5: 1,721053
  CPUT4:Core6: 1,626316
  CPUT4:Core7: 1,568421
  CPUT4:Core8: 1,547368
  CPUT4:Core9: 1,542105
  CPUT4:Core10: 1,478947
  

  CPUT1:Core1: 1,178378
  CPUT1:Core2: 1,259459
  CPUT1:Core3: 1,259459
  CPUT1:Core4: 1,335135
  CPUT1:Core5: 1,154054
  CPUT1:Core6: 1,154054
  CPUT1:Core7: 1,110811
  CPUT1:Core8: 1,086486
  CPUT1:Core9: 1,129730
  CPUT1:Core10: 1,135135
  CPUT2:Core1: 1,143243
  CPUT2:Core2: 1,229730
  CPUT2:Core3: 1,267568
  CPUT2:Core4: 1,086486
  CPUT2:Core5: 1,240541
  CPUT2:Core6: 1,075676
  CPUT2:Core7: 1,016216
  CPUT2:Core8: 1,032432
  CPUT2:Core9: 1,051351
  CPUT2:Core10: 1,045946
  CPUT3:Core1: 0,916216
  CPUT3:Core2: 0,940541
  CPUT3:Core3: 0,959459
  CPUT3:Core4: 0,878378
  CPUT3:Core5: 0,994595
  CPUT3:Core6: 0,855556
  CPUT3:Core7: 0,847222
  CPUT3:Core8: 0,800000
  CPUT3:Core9: 0,786111
  CPUT3:Core10: 0,802778
  CPUT4:Core1: 1,897222
  CPUT4:Core2: 1,761111
  CPUT4:Core3: 1,836111
  CPUT4:Core4: 1,891667
  CPUT4:Core5: 1,883333
  CPUT4:Core6: 1,775000
  CPUT4:Core7: 1,744444
  CPUT4:Core8: 1,677778
  CPUT4:Core9: 1,683333
  CPUT4:Core10: 1,650000
  

  CPUT1:Core1: 1,389474
  CPUT1:Core2: 1,515789
  CPUT1:Core3: 1,489474
  CPUT1:Core4: 1,515789
  CPUT1:Core5: 1,357895
  CPUT1:Core6: 1,352632
  CPUT1:Core7: 1,294737
  CPUT1:Core8: 1,300000
  CPUT1:Core9: 1,278947
  CPUT1:Core10: 1,321053
  CPUT2:Core1: 1,384211
  CPUT2:Core2: 1,447368
  CPUT2:Core3: 1,421053
  CPUT2:Core4: 1,384211
  CPUT2:Core5: 1,468421
  CPUT2:Core6: 1,273684
  CPUT2:Core7: 1,268421
  CPUT2:Core8: 1,200000
  CPUT2:Core9: 1,284211
  CPUT2:Core10: 1,242105
  CPUT3:Core1: 1,121053
  CPUT3:Core2: 1,173684
  CPUT3:Core3: 1,142105
  CPUT3:Core4: 1,121053
  CPUT3:Core5: 1,178947
  CPUT3:Core6: 1,063158
  CPUT3:Core7: 1,015789
  CPUT3:Core8: 0,994737
  CPUT3:Core9: 0,947368
  CPUT3:Core10: 0,947368
  CPUT4:Core1: 2,205263
  CPUT4:Core2: 2,121053
  CPUT4:Core3: 2,142105
  CPUT4:Core4: 2,236842
  CPUT4:Core5: 2,200000
  CPUT4:Core6: 2,057895
  CPUT4:Core7: 2,078947
  CPUT4:Core8: 1,973684
  CPUT4:Core9: 1,963158
  CPUT4:Core10: 1,978947
  

  CPUT1:Core1: 1,716216
  CPUT1:Core2: 1,867568
  CPUT1:Core3: 1,802703
  CPUT1:Core4: 1,791892
  CPUT1:Core5: 1,670270
  CPUT1:Core6: 1,683784
  CPUT1:Core7: 1,575676
  CPUT1:Core8: 1,567568
  CPUT1:Core9: 1,600000
  CPUT1:Core10: 1,672973
  CPUT2:Core1: 1,647222
  CPUT2:Core2: 1,777778
  CPUT2:Core3: 1,750000
  CPUT2:Core4: 1,608333
  CPUT2:Core5: 1,775000
  CPUT2:Core6: 1,569444
  CPUT2:Core7: 1,480556
  CPUT2:Core8: 1,516667
  CPUT2:Core9: 1,527778
  CPUT2:Core10: 1,458333
  CPUT3:Core1: 1,300000
  CPUT3:Core2: 1,330556
  CPUT3:Core3: 1,302778
  CPUT3:Core4: 1,305556
  CPUT3:Core5: 1,347222
  CPUT3:Core6: 1,186111
  CPUT3:Core7: 1,200000
  CPUT3:Core8: 1,130556
  CPUT3:Core9: 1,055556
  CPUT3:Core10: 1,113889
  CPUT4:Core1: 2,586111
  CPUT4:Core2: 2,563889
  CPUT4:Core3: 2,647222
  CPUT4:Core4: 2,683333
  CPUT4:Core5: 2,725000
  CPUT4:Core6: 2,591667
  CPUT4:Core7: 2,544444
  CPUT4:Core8: 2,455556
  CPUT4:Core9: 2,413889
  CPUT4:Core10: 2,372222
  

  CPUT1:Core1: 1,878947
  CPUT1:Core2: 2,047368
  CPUT1:Core3: 1,978947
  CPUT1:Core4: 1,931579
  CPUT1:Core5: 1,852632
  CPUT1:Core6: 1,810526
  CPUT1:Core7: 1,752632
  CPUT1:Core8: 1,721053
  CPUT1:Core9: 1,747368
  CPUT1:Core10: 1,815789
  CPUT2:Core1: 1,984211
  CPUT2:Core2: 2,057895
  CPUT2:Core3: 2,078947
  CPUT2:Core4: 1,868421
  CPUT2:Core5: 2,078947
  CPUT2:Core6: 1,836842
  CPUT2:Core7: 1,705263
  CPUT2:Core8: 1,736842
  CPUT2:Core9: 1,836842
  CPUT2:Core10: 1,763158
  CPUT3:Core1: 1,494737
  CPUT3:Core2: 1,521053
  CPUT3:Core3: 1,489474
  CPUT3:Core4: 1,447368
  CPUT3:Core5: 1,589474
  CPUT3:Core6: 1,368421
  CPUT3:Core7: 1,384211
  CPUT3:Core8: 1,315789
  CPUT3:Core9: 1,184211
  CPUT3:Core10: 1,278947
  CPUT4:Core1: 3,121053
  CPUT4:Core2: 3,010526
  CPUT4:Core3: 3,126316
  CPUT4:Core4: 3,221053
  CPUT4:Core5: 3,163158
  CPUT4:Core6: 3,047368
  CPUT4:Core7: 2,910526
  CPUT4:Core8: 2,915789
  CPUT4:Core9: 2,900000
  CPUT4:Core10: 2,805263
  

  CPUT1:Core1: 2,037838
  CPUT1:Core2: 2,235135
  CPUT1:Core3: 2,202703
  CPUT1:Core4: 2,075676
  CPUT1:Core5: 1,945946
  CPUT1:Core6: 2,032432
  CPUT1:Core7: 1,913514
  CPUT1:Core8: 1,905405
  CPUT1:Core9: 1,943243
  CPUT1:Core10: 1,994595
  CPUT2:Core1: 2,078378
  CPUT2:Core2: 2,270270
  CPUT2:Core3: 2,172973
  CPUT2:Core4: 2,121622
  CPUT2:Core5: 2,272973
  CPUT2:Core6: 1,997297
  CPUT2:Core7: 1,918919
  CPUT2:Core8: 1,924324
  CPUT2:Core9: 1,952778
  CPUT2:Core10: 1,861111
  CPUT3:Core1: 1,605556
  CPUT3:Core2: 1,677778
  CPUT3:Core3: 1,622222
  CPUT3:Core4: 1,661111
  CPUT3:Core5: 1,713889
  CPUT3:Core6: 1,516667
  CPUT3:Core7: 1,500000
  CPUT3:Core8: 1,416667
  CPUT3:Core9: 1,388889
  CPUT3:Core10: 1,397222
  CPUT4:Core1: 3,322222
  CPUT4:Core2: 3,305556
  CPUT4:Core3: 3,472222
  CPUT4:Core4: 3,494444
  CPUT4:Core5: 3,563889
  CPUT4:Core6: 3,380556
  CPUT4:Core7: 3,283333
  CPUT4:Core8: 3,183333
  CPUT4:Core9: 3,263889
  CPUT4:Core10: 3,094444
  

  CPUT1:Core1: 2,189189
  CPUT1:Core2: 2,345946
  CPUT1:Core3: 2,297297
  CPUT1:Core4: 2,262162
  CPUT1:Core5: 2,140541
  CPUT1:Core6: 2,148649
  CPUT1:Core7: 2,037838
  CPUT1:Core8: 2,027027
  CPUT1:Core9: 2,035135
  CPUT1:Core10: 2,154054
  CPUT2:Core1: 2,162162
  CPUT2:Core2: 2,335135
  CPUT2:Core3: 2,237838
  CPUT2:Core4: 2,200000
  CPUT2:Core5: 2,332432
  CPUT2:Core6: 2,113514
  CPUT2:Core7: 1,975676
  CPUT2:Core8: 2,010811
  CPUT2:Core9: 2,032432
  CPUT2:Core10: 1,937838
  CPUT3:Core1: 1,670270
  CPUT3:Core2: 1,770270
  CPUT3:Core3: 1,762162
  CPUT3:Core4: 1,727027
  CPUT3:Core5: 1,794595
  CPUT3:Core6: 1,586486
  CPUT3:Core7: 1,518919
  CPUT3:Core8: 1,470270
  CPUT3:Core9: 1,413514
  CPUT3:Core10: 1,440541
  CPUT4:Core1: 3,513889
  CPUT4:Core2: 3,522222
  CPUT4:Core3: 3,622222
  CPUT4:Core4: 3,705556
  CPUT4:Core5: 3,736111
  CPUT4:Core6: 3,488889
  CPUT4:Core7: 3,450000
  CPUT4:Core8: 3,322222
  CPUT4:Core9: 3,338889
  CPUT4:Core10: 3,213889
  

  CPUT1:Core1: 2,375676
  CPUT1:Core2: 2,516216
  CPUT1:Core3: 2,424324
  CPUT1:Core4: 2,354054
  CPUT1:Core5: 2,291892
  CPUT1:Core6: 2,300000
  CPUT1:Core7: 2,162162
  CPUT1:Core8: 2,154054
  CPUT1:Core9: 2,159459
  CPUT1:Core10: 2,283784
  CPUT2:Core1: 2,381081
  CPUT2:Core2: 2,543243
  CPUT2:Core3: 2,440541
  CPUT2:Core4: 2,400000
  CPUT2:Core5: 2,583784
  CPUT2:Core6: 2,283784
  CPUT2:Core7: 2,137838
  CPUT2:Core8: 2,181081
  CPUT2:Core9: 2,224324
  CPUT2:Core10: 2,108108
  CPUT3:Core1: 1,816667
  CPUT3:Core2: 1,947222
  CPUT3:Core3: 1,913889
  CPUT3:Core4: 1,941667
  CPUT3:Core5: 1,944444
  CPUT3:Core6: 1,733333
  CPUT3:Core7: 1,738889
  CPUT3:Core8: 1,625000
  CPUT3:Core9: 1,522222
  CPUT3:Core10: 1,616667
  CPUT4:Core1: 3,819444
  CPUT4:Core2: 3,788889
  CPUT4:Core3: 3,991667
  CPUT4:Core4: 4,027778
  CPUT4:Core5: 4,055556
  CPUT4:Core6: 3,830556
  CPUT4:Core7: 3,750000
  CPUT4:Core8: 3,680556
  CPUT4:Core9: 3,616667
  CPUT4:Core10: 3,491667
  

  CPUT1:Core1: 2,475676
  CPUT1:Core2: 2,718919
  CPUT1:Core3: 2,735135
  CPUT1:Core4: 2,559459
  CPUT1:Core5: 2,556757
  CPUT1:Core6: 2,451351
  CPUT1:Core7: 2,370270
  CPUT1:Core8: 2,321622
  CPUT1:Core9: 2,394595
  CPUT1:Core10: 2,535135
  CPUT2:Core1: 2,554054
  CPUT2:Core2: 2,740541
  CPUT2:Core3: 2,618919
  CPUT2:Core4: 2,621622
  CPUT2:Core5: 2,805405
  CPUT2:Core6: 2,443243
  CPUT2:Core7: 2,316216
  CPUT2:Core8: 2,313514
  CPUT2:Core9: 2,378378
  CPUT2:Core10: 2,308108
  CPUT3:Core1: 1,991667
  CPUT3:Core2: 2,158333
  CPUT3:Core3: 2,127778
  CPUT3:Core4: 2,155556
  CPUT3:Core5: 2,238889
  CPUT3:Core6: 1,952778
  CPUT3:Core7: 1,941667
  CPUT3:Core8: 1,847222
  CPUT3:Core9: 1,722222
  CPUT3:Core10: 1,794444
  CPUT4:Core1: 4,325000
  CPUT4:Core2: 4,297222
  CPUT4:Core3: 4,488889
  CPUT4:Core4: 4,544444
  CPUT4:Core5: 4,561111
  CPUT4:Core6: 4,300000
  CPUT4:Core7: 4,175000
  CPUT4:Core8: 4,091667
  CPUT4:Core9: 4,075000
  CPUT4:Core10: 3,952778
  

  CPUT1:Core1: 2,810526
  CPUT1:Core2: 3,031579
  CPUT1:Core3: 3,047368
  CPUT1:Core4: 2,873684
  CPUT1:Core5: 2,857895
  CPUT1:Core6: 2,715789
  CPUT1:Core7: 2,605263
  CPUT1:Core8: 2,610526
  CPUT1:Core9: 2,605263
  CPUT1:Core10: 2,752632
  CPUT2:Core1: 2,794737
  CPUT2:Core2: 2,994737
  CPUT2:Core3: 2,884211
  CPUT2:Core4: 2,815789
  CPUT2:Core5: 2,994737
  CPUT2:Core6: 2,657895
  CPUT2:Core7: 2,489474
  CPUT2:Core8: 2,578947
  CPUT2:Core9: 2,584211
  CPUT2:Core10: 2,457895
  CPUT3:Core1: 2,200000
  CPUT3:Core2: 2,389474
  CPUT3:Core3: 2,257895
  CPUT3:Core4: 2,236842
  CPUT3:Core5: 2,415789
  CPUT3:Core6: 2,094737
  CPUT3:Core7: 2,121053
  CPUT3:Core8: 1,936842
  CPUT3:Core9: 1,826316
  CPUT3:Core10: 1,842105
  CPUT4:Core1: 4,521053
  CPUT4:Core2: 4,426316
  CPUT4:Core3: 4,673684
  CPUT4:Core4: 4,794737
  CPUT4:Core5: 4,742105
  CPUT4:Core6: 4,526316
  CPUT4:Core7: 4,405263
  CPUT4:Core8: 4,378947
  CPUT4:Core9: 4,226316
  CPUT4:Core10: 4,131579
  

  CPUT1:Core1: 2,889189
  CPUT1:Core2: 3,181081
  CPUT1:Core3: 3,059459
  CPUT1:Core4: 2,916216
  CPUT1:Core5: 2,986486
  CPUT1:Core6: 2,810811
  CPUT1:Core7: 2,710811
  CPUT1:Core8: 2,721622
  CPUT1:Core9: 2,748649
  CPUT1:Core10: 2,832432
  CPUT2:Core1: 2,975676
  CPUT2:Core2: 3,162162
  CPUT2:Core3: 3,016216
  CPUT2:Core4: 3,005405
  CPUT2:Core5: 3,216216
  CPUT2:Core6: 2,818919
  CPUT2:Core7: 2,664865
  CPUT2:Core8: 2,662162
  CPUT2:Core9: 2,718919
  CPUT2:Core10: 2,667568
  CPUT3:Core1: 2,267568
  CPUT3:Core2: 2,475676
  CPUT3:Core3: 2,450000
  CPUT3:Core4: 2,405556
  CPUT3:Core5: 2,569444
  CPUT3:Core6: 2,144444
  CPUT3:Core7: 2,158333
  CPUT3:Core8: 2,050000
  CPUT3:Core9: 1,966667
  CPUT3:Core10: 2,050000
  CPUT4:Core1: 4,905556
  CPUT4:Core2: 4,975000
  CPUT4:Core3: 4,997222
  CPUT4:Core4: 5,236111
  CPUT4:Core5: 5,266667
  CPUT4:Core6: 4,972222
  CPUT4:Core7: 4,836111
  CPUT4:Core8: 4,730556
  CPUT4:Core9: 4,711111
  CPUT4:Core10: 4,622222
  

  CPUT1:Core1: 3,157895
  CPUT1:Core2: 3,352632
  CPUT1:Core3: 3,363158
  CPUT1:Core4: 3,136842
  CPUT1:Core5: 3,168421
  CPUT1:Core6: 3,068421
  CPUT1:Core7: 2,878947
  CPUT1:Core8: 2,894737
  CPUT1:Core9: 2,936842
  CPUT1:Core10: 3,021053
  CPUT2:Core1: 2,968421
  CPUT2:Core2: 3,252632
  CPUT2:Core3: 3,084211
  CPUT2:Core4: 3,047368
  CPUT2:Core5: 3,268421
  CPUT2:Core6: 2,878947
  CPUT2:Core7: 2,752632
  CPUT2:Core8: 2,721053
  CPUT2:Core9: 2,826316
  CPUT2:Core10: 2,763158
  CPUT3:Core1: 2,384211
  CPUT3:Core2: 2,531579
  CPUT3:Core3: 2,547368
  CPUT3:Core4: 2,510526
  CPUT3:Core5: 2,705263
  CPUT3:Core6: 2,184211
  CPUT3:Core7: 2,215789
  CPUT3:Core8: 2,105263
  CPUT3:Core9: 2,047368
  CPUT3:Core10: 2,115789
  CPUT4:Core1: 5,352632
  CPUT4:Core2: 5,184211
  CPUT4:Core3: 5,415789
  CPUT4:Core4: 5,563158
  CPUT4:Core5: 5,573684
  CPUT4:Core6: 5,342105
  CPUT4:Core7: 5,163158
  CPUT4:Core8: 4,989474
  CPUT4:Core9: 5,042105
  CPUT4:Core10: 4,821053
  

  CPUT1:Core1: 3,494595
  CPUT1:Core2: 3,737838
  CPUT1:Core3: 3,700000
  CPUT1:Core4: 3,456757
  CPUT1:Core5: 3,443243
  CPUT1:Core6: 3,394595
  CPUT1:Core7: 3,164865
  CPUT1:Core8: 3,200000
  CPUT1:Core9: 3,221622
  CPUT1:Core10: 3,440541
  CPUT2:Core1: 3,472973
  CPUT2:Core2: 3,835135
  CPUT2:Core3: 3,605405
  CPUT2:Core4: 3,648649
  CPUT2:Core5: 3,810811
  CPUT2:Core6: 3,413514
  CPUT2:Core7: 3,227027
  CPUT2:Core8: 3,172973
  CPUT2:Core9: 3,291892
  CPUT2:Core10: 3,124324
  CPUT3:Core1: 2,743243
  CPUT3:Core2: 2,824324
  CPUT3:Core3: 2,797297
  CPUT3:Core4: 2,786486
  CPUT3:Core5: 2,970270
  CPUT3:Core6: 2,500000
  CPUT3:Core7: 2,497297
  CPUT3:Core8: 2,372973
  CPUT3:Core9: 2,297297
  CPUT3:Core10: 2,345946
  CPUT4:Core1: 5,716667
  CPUT4:Core2: 5,630556
  CPUT4:Core3: 5,827778
  CPUT4:Core4: 6,088889
  CPUT4:Core5: 6,125000
  CPUT4:Core6: 5,727778
  CPUT4:Core7: 5,533333
  CPUT4:Core8: 5,444444
  CPUT4:Core9: 5,350000
  CPUT4:Core10: 5,202778
  

  CPUT1:Core1: 3,778378
  CPUT1:Core2: 4,100000
  CPUT1:Core3: 4,032432
  CPUT1:Core4: 3,805405
  CPUT1:Core5: 3,751351
  CPUT1:Core6: 3,654054
  CPUT1:Core7: 3,478378
  CPUT1:Core8: 3,470270
  CPUT1:Core9: 3,521622
  CPUT1:Core10: 3,724324
  CPUT2:Core1: 3,718919
  CPUT2:Core2: 3,964865
  CPUT2:Core3: 3,759459
  CPUT2:Core4: 3,755556
  CPUT2:Core5: 3,991667
  CPUT2:Core6: 3,552778
  CPUT2:Core7: 3,361111
  CPUT2:Core8: 3,400000
  CPUT2:Core9: 3,477778
  CPUT2:Core10: 3,336111
  CPUT3:Core1: 2,872222
  CPUT3:Core2: 3,125000
  CPUT3:Core3: 3,066667
  CPUT3:Core4: 3,075000
  CPUT3:Core5: 3,222222
  CPUT3:Core6: 2,736111
  CPUT3:Core7: 2,755556
  CPUT3:Core8: 2,636111
  CPUT3:Core9: 2,469444
  CPUT3:Core10: 2,583333
  CPUT4:Core1: 6,094444
  CPUT4:Core2: 6,172222
  CPUT4:Core3: 6,480556
  CPUT4:Core4: 6,611111
  CPUT4:Core5: 6,716667
  CPUT4:Core6: 6,175000
  CPUT4:Core7: 6,041667
  CPUT4:Core8: 5,863889
  CPUT4:Core9: 5,919444
  CPUT4:Core10: 5,716667
  

  CPUT1:Core1: 4,005405
  CPUT1:Core2: 4,359459
  CPUT1:Core3: 4,321622
  CPUT1:Core4: 4,075676
  CPUT1:Core5: 4,108108
  CPUT1:Core6: 3,889189
  CPUT1:Core7: 3,662162
  CPUT1:Core8: 3,732432
  CPUT1:Core9: 3,754054
  CPUT1:Core10: 3,994595
  CPUT2:Core1: 3,959459
  CPUT2:Core2: 4,308108
  CPUT2:Core3: 4,048649
  CPUT2:Core4: 4,064865
  CPUT2:Core5: 4,254054
  CPUT2:Core6: 3,837838
  CPUT2:Core7: 3,656757
  CPUT2:Core8: 3,675676
  CPUT2:Core9: 3,724324
  CPUT2:Core10: 3,608108
  CPUT3:Core1: 3,018919
  CPUT3:Core2: 3,308108
  CPUT3:Core3: 3,180556
  CPUT3:Core4: 3,236111
  CPUT3:Core5: 3,388889
  CPUT3:Core6: 2,880556
  CPUT3:Core7: 2,866667
  CPUT3:Core8: 2,763889
  CPUT3:Core9: 2,622222
  CPUT3:Core10: 2,722222
  CPUT4:Core1: 6,436111
  CPUT4:Core2: 6,438889
  CPUT4:Core3: 6,783333
  CPUT4:Core4: 6,902778
  CPUT4:Core5: 7,000000
  CPUT4:Core6: 6,488889
  CPUT4:Core7: 6,325000
  CPUT4:Core8: 6,213889
  CPUT4:Core9: 6,252778
  CPUT4:Core10: 5,961111
  

  CPUT1:Core1: 3,981081
  CPUT1:Core2: 4,297297
  CPUT1:Core3: 4,313514
  CPUT1:Core4: 4,032432
  CPUT1:Core5: 4,097297
  CPUT1:Core6: 3,867568
  CPUT1:Core7: 3,745946
  CPUT1:Core8: 3,751351
  CPUT1:Core9: 3,767568
  CPUT1:Core10: 3,959459
  CPUT2:Core1: 3,956757
  CPUT2:Core2: 4,345946
  CPUT2:Core3: 4,105405
  CPUT2:Core4: 4,016216
  CPUT2:Core5: 4,278378
  CPUT2:Core6: 3,843243
  CPUT2:Core7: 3,636111
  CPUT2:Core8: 3,622222
  CPUT2:Core9: 3,763889
  CPUT2:Core10: 3,586111
  CPUT3:Core1: 3,063889
  CPUT3:Core2: 3,263889
  CPUT3:Core3: 3,308333
  CPUT3:Core4: 3,205556
  CPUT3:Core5: 3,402778
  CPUT3:Core6: 2,905556
  CPUT3:Core7: 2,897222
  CPUT3:Core8: 2,775000
  CPUT3:Core9: 2,658333
  CPUT3:Core10: 2,727778
  CPUT4:Core1: 6,455556
  CPUT4:Core2: 6,538889
  CPUT4:Core3: 6,633333
  CPUT4:Core4: 6,916667
  CPUT4:Core5: 6,977778
  CPUT4:Core6: 6,577778
  CPUT4:Core7: 6,355556
  CPUT4:Core8: 6,116667
  CPUT4:Core9: 6,158333
  CPUT4:Core10: 5,994444
  

  CPUT1:Core1: 3,978947
  CPUT1:Core2: 4,389474
  CPUT1:Core3: 4,268421
  CPUT1:Core4: 3,989474
  CPUT1:Core5: 4,015789
  CPUT1:Core6: 3,900000
  CPUT1:Core7: 3,721053
  CPUT1:Core8: 3,710526
  CPUT1:Core9: 3,847368
  CPUT1:Core10: 4,005263
  CPUT2:Core1: 3,963158
  CPUT2:Core2: 4,336842
  CPUT2:Core3: 3,952632
  CPUT2:Core4: 4,168421
  CPUT2:Core5: 4,268421
  CPUT2:Core6: 3,800000
  CPUT2:Core7: 3,626316
  CPUT2:Core8: 3,631579
  CPUT2:Core9: 3,736842
  CPUT2:Core10: 3,589474
  CPUT3:Core1: 3,047368
  CPUT3:Core2: 3,273684
  CPUT3:Core3: 3,200000
  CPUT3:Core4: 3,247368
  CPUT3:Core5: 3,394737
  CPUT3:Core6: 2,852632
  CPUT3:Core7: 2,968421
  CPUT3:Core8: 2,747368
  CPUT3:Core9: 2,705263
  CPUT3:Core10: 2,742105
  CPUT4:Core1: 6,415789
  CPUT4:Core2: 6,468421
  CPUT4:Core3: 6,715789
  CPUT4:Core4: 6,910526
  CPUT4:Core5: 6,926316
  CPUT4:Core6: 6,500000
  CPUT4:Core7: 6,326316
  CPUT4:Core8: 6,189474
  CPUT4:Core9: 6,136842
  CPUT4:Core10: 5,863158
  

  CPUT1:Core1: 3,970270
  CPUT1:Core2: 4,286486
  CPUT1:Core3: 4,316216
  CPUT1:Core4: 3,983784
  CPUT1:Core5: 4,094595
  CPUT1:Core6: 3,881081
  CPUT1:Core7: 3,656757
  CPUT1:Core8: 3,659459
  CPUT1:Core9: 3,737838
  CPUT1:Core10: 3,975676
  CPUT2:Core1: 3,951351
  CPUT2:Core2: 4,300000
  CPUT2:Core3: 3,986486
  CPUT2:Core4: 3,989189
  CPUT2:Core5: 4,310811
  CPUT2:Core6: 3,864865
  CPUT2:Core7: 3,627027
  CPUT2:Core8: 3,661111
  CPUT2:Core9: 3,705556
  CPUT2:Core10: 3,591667
  CPUT3:Core1: 3,036111
  CPUT3:Core2: 3,283333
  CPUT3:Core3: 3,172222
  CPUT3:Core4: 3,188889
  CPUT3:Core5: 3,408333
  CPUT3:Core6: 2,897222
  CPUT3:Core7: 2,861111
  CPUT3:Core8: 2,761111
  CPUT3:Core9: 2,672222
  CPUT3:Core10: 2,691667
  CPUT4:Core1: 6,405556
  CPUT4:Core2: 6,536111
  CPUT4:Core3: 6,663889
  CPUT4:Core4: 6,913889
  CPUT4:Core5: 7,019444
  CPUT4:Core6: 6,536111
  CPUT4:Core7: 6,419444
  CPUT4:Core8: 6,183333
  CPUT4:Core9: 6,130556
  CPUT4:Core10: 5,930556
  

  CPUT1:Core1: 3,984211
  CPUT1:Core2: 4,336842
  CPUT1:Core3: 4,147368
  CPUT1:Core4: 4,010526
  CPUT1:Core5: 4,084211
  CPUT1:Core6: 3,915789
  CPUT1:Core7: 3,710526
  CPUT1:Core8: 3,715789
  CPUT1:Core9: 3,721053
  CPUT1:Core10: 3,963158
  CPUT2:Core1: 3,889474
  CPUT2:Core2: 4,215789
  CPUT2:Core3: 3,957895
  CPUT2:Core4: 4,126316
  CPUT2:Core5: 4,268421
  CPUT2:Core6: 3,805263
  CPUT2:Core7: 3,600000
  CPUT2:Core8: 3,636842
  CPUT2:Core9: 3,689474
  CPUT2:Core10: 3,526316
  CPUT3:Core1: 3,052632
  CPUT3:Core2: 3,315789
  CPUT3:Core3: 3,210526
  CPUT3:Core4: 3,289474
  CPUT3:Core5: 3,410526
  CPUT3:Core6: 2,884211
  CPUT3:Core7: 2,963158
  CPUT3:Core8: 2,789474
  CPUT3:Core9: 2,684211
  CPUT3:Core10: 2,736842
  CPUT4:Core1: 6,457895
  CPUT4:Core2: 6,605263
  CPUT4:Core3: 6,468421
  CPUT4:Core4: 6,905263
  CPUT4:Core5: 7,026316
  CPUT4:Core6: 6,494737
  CPUT4:Core7: 6,447368
  CPUT4:Core8: 6,252632
  CPUT4:Core9: 6,205263
  CPUT4:Core10: 5,905263
  