
  CPU1:Core1: 0,363158
  CPU1:Core2: 0,289474
  CPU1:Core3: 0,315789
  CPU1:Core4: 0,326316
  CPU1:Core5: 0,289474
  CPU1:Core6: 0,278947
  CPU1:Core7: 0,300000
  CPU1:Core8: 0,294737
  CPU1:Core9: 0,263158
  CPU1:Core10: 0,289474
  CPU2:Core1: 0,368421
  CPU2:Core2: 0,310526
  CPU2:Core3: 0,278947
  CPU2:Core4: 0,257895
  CPU2:Core5: 0,278947
  CPU2:Core6: 0,242105
  CPU2:Core7: 0,255556
  CPU2:Core8: 0,272222
  CPU2:Core9: 0,250000
  CPU2:Core10: 0,250000
  CPU3:Core1: 0,627778
  CPU3:Core2: 0,455556
  CPU3:Core3: 0,850000
  CPU3:Core4: 0,522222
  CPU3:Core5: 0,494444
  CPU3:Core6: 0,538889
  CPU3:Core7: 0,400000
  CPU3:Core8: 0,433333
  CPU3:Core9: 0,444444
  CPU3:Core10: 0,450000
  CPU4:Core1: 0,755556
  CPU4:Core2: 0,311111
  CPU4:Core3: 0,277778
  CPU4:Core4: 0,300000
  CPU4:Core5: 0,261111
  CPU4:Core6: 0,277778
  CPU4:Core7: 0,277778
  CPU4:Core8: 0,250000
  CPU4:Core9: 0,261111
  CPU4:Core10: 0,277778
  
  CPU1:Core1: 0,725000
  CPU1:Core2: 0,716667
  CPU1:Core3: 0,697222
  CPU1:Core4: 0,677778
  CPU1:Core5: 0,733333
  CPU1:Core6: 0,677778
  CPU1:Core7: 0,686111
  CPU1:Core8: 0,658333
  CPU1:Core9: 0,658333
  CPU1:Core10: 0,661111
  CPU2:Core1: 0,772222
  CPU2:Core2: 0,647222
  CPU2:Core3: 0,744444
  CPU2:Core4: 0,688889
  CPU2:Core5: 0,730556
  CPU2:Core6: 0,680556
  CPU2:Core7: 0,700000
  CPU2:Core8: 0,680556
  CPU2:Core9: 0,633333
  CPU2:Core10: 0,641667
  CPU3:Core1: 1,225000
  CPU3:Core2: 1,050000
  CPU3:Core3: 1,430556
  CPU3:Core4: 1,047222
  CPU3:Core5: 1,041667
  CPU3:Core6: 1,033333
  CPU3:Core7: 0,975000
  CPU3:Core8: 0,986111
  CPU3:Core9: 1,011111
  CPU3:Core10: 0,972222
  CPU4:Core1: 1,041667
  CPU4:Core2: 0,513889
  CPU4:Core3: 0,502778
  CPU4:Core4: 0,533333
  CPU4:Core5: 0,508333
  CPU4:Core6: 0,558333
  CPU4:Core7: 0,505556
  CPU4:Core8: 0,486111
  CPU4:Core9: 0,491667
  CPU4:Core10: 0,494444
  
  CPU1:Core1: 1,157895
  CPU1:Core2: 1,163158
  CPU1:Core3: 1,184211
  CPU1:Core4: 1,057895
  CPU1:Core5: 1,189474
  CPU1:Core6: 1,021053
  CPU1:Core7: 1,094737
  CPU1:Core8: 1,063158
  CPU1:Core9: 1,000000
  CPU1:Core10: 1,015789
  CPU2:Core1: 1,289474
  CPU2:Core2: 1,168421
  CPU2:Core3: 1,231579
  CPU2:Core4: 1,231579
  CPU2:Core5: 1,336842
  CPU2:Core6: 1,252632
  CPU2:Core7: 1,252632
  CPU2:Core8: 1,221053
  CPU2:Core9: 1,131579
  CPU2:Core10: 1,078947
  CPU3:Core1: 1,905263
  CPU3:Core2: 1,705263
  CPU3:Core3: 2,252632
  CPU3:Core4: 1,736842
  CPU3:Core5: 1,736842
  CPU3:Core6: 1,721053
  CPU3:Core7: 1,536842
  CPU3:Core8: 1,615789
  CPU3:Core9: 1,626316
  CPU3:Core10: 1,605263
  CPU4:Core1: 1,421053
  CPU4:Core2: 0,689474
  CPU4:Core3: 0,721053
  CPU4:Core4: 0,768421
  CPU4:Core5: 0,752632
  CPU4:Core6: 0,710526
  CPU4:Core7: 0,715789
  CPU4:Core8: 0,715789
  CPU4:Core9: 0,647368
  CPU4:Core10: 0,673684
  
  CPU1:Core1: 1,591667
  CPU1:Core2: 1,616667
  CPU1:Core3: 1,650000
  CPU1:Core4: 1,577778
  CPU1:Core5: 1,705556
  CPU1:Core6: 1,436111
  CPU1:Core7: 1,538889
  CPU1:Core8: 1,483333
  CPU1:Core9: 1,450000
  CPU1:Core10: 1,377778
  CPU2:Core1: 1,633333
  CPU2:Core2: 1,580556
  CPU2:Core3: 1,661111
  CPU2:Core4: 1,594444
  CPU2:Core5: 1,769444
  CPU2:Core6: 1,622222
  CPU2:Core7: 1,541667
  CPU2:Core8: 1,602778
  CPU2:Core9: 1,522222
  CPU2:Core10: 1,433333
  CPU3:Core1: 2,558333
  CPU3:Core2: 2,219444
  CPU3:Core3: 2,822222
  CPU3:Core4: 2,333333
  CPU3:Core5: 2,283333
  CPU3:Core6: 2,300000
  CPU3:Core7: 2,150000
  CPU3:Core8: 2,163889
  CPU3:Core9: 2,169444
  CPU3:Core10: 2,213889
  CPU4:Core1: 1,650000
  CPU4:Core2: 1,000000
  CPU4:Core3: 0,955556
  CPU4:Core4: 1,000000
  CPU4:Core5: 1,013889
  CPU4:Core6: 0,952778
  CPU4:Core7: 0,947222
  CPU4:Core8: 0,930556
  CPU4:Core9: 0,900000
  CPU4:Core10: 0,941667
  
  CPU1:Core1: 1,936842
  CPU1:Core2: 1,947368
  CPU1:Core3: 1,973684
  CPU1:Core4: 1,984211
  CPU1:Core5: 2,073684
  CPU1:Core6: 1,847368
  CPU1:Core7: 1,905263
  CPU1:Core8: 1,836842
  CPU1:Core9: 1,842105
  CPU1:Core10: 1,810526
  CPU2:Core1: 2,010526
  CPU2:Core2: 1,894737
  CPU2:Core3: 2,105263
  CPU2:Core4: 2,131579
  CPU2:Core5: 2,121053
  CPU2:Core6: 2,136842
  CPU2:Core7: 2,057895
  CPU2:Core8: 2,026316
  CPU2:Core9: 1,936842
  CPU2:Core10: 1,805263
  CPU3:Core1: 3,063158
  CPU3:Core2: 2,710526
  CPU3:Core3: 3,452632
  CPU3:Core4: 2,721053
  CPU3:Core5: 2,800000
  CPU3:Core6: 2,700000
  CPU3:Core7: 2,610526
  CPU3:Core8: 2,710526
  CPU3:Core9: 2,647368
  CPU3:Core10: 2,622222
  CPU4:Core1: 2,072222
  CPU4:Core2: 1,194444
  CPU4:Core3: 1,116667
  CPU4:Core4: 1,238889
  CPU4:Core5: 1,233333
  CPU4:Core6: 1,111111
  CPU4:Core7: 1,138889
  CPU4:Core8: 1,100000
  CPU4:Core9: 1,094444
  CPU4:Core10: 1,177778
  
  CPU1:Core1: 2,140541
  CPU1:Core2: 2,262162
  CPU1:Core3: 2,318919
  CPU1:Core4: 2,213514
  CPU1:Core5: 2,270270
  CPU1:Core6: 2,078378
  CPU1:Core7: 2,245946
  CPU1:Core8: 2,197297
  CPU1:Core9: 2,075676
  CPU1:Core10: 1,967568
  CPU2:Core1: 2,240541
  CPU2:Core2: 2,183784
  CPU2:Core3: 2,381081
  CPU2:Core4: 2,362162
  CPU2:Core5: 2,463889
  CPU2:Core6: 2,300000
  CPU2:Core7: 2,372222
  CPU2:Core8: 2,255556
  CPU2:Core9: 2,133333
  CPU2:Core10: 2,083333
  CPU3:Core1: 3,325000
  CPU3:Core2: 3,072222
  CPU3:Core3: 3,750000
  CPU3:Core4: 3,002778
  CPU3:Core5: 3,094444
  CPU3:Core6: 3,061111
  CPU3:Core7: 2,961111
  CPU3:Core8: 2,833333
  CPU3:Core9: 2,905556
  CPU3:Core10: 2,963889
  CPU4:Core1: 2,227778
  CPU4:Core2: 1,297222
  CPU4:Core3: 1,300000
  CPU4:Core4: 1,327778
  CPU4:Core5: 1,347222
  CPU4:Core6: 1,338889
  CPU4:Core7: 1,244444
  CPU4:Core8: 1,225000
  CPU4:Core9: 1,238889
  CPU4:Core10: 1,222222
  
  CPU1:Core1: 2,563158
  CPU1:Core2: 2,684211
  CPU1:Core3: 2,789474
  CPU1:Core4: 2,689474
  CPU1:Core5: 2,889474
  CPU1:Core6: 2,621053
  CPU1:Core7: 2,657895
  CPU1:Core8: 2,536842
  CPU1:Core9: 2,489474
  CPU1:Core10: 2,363158
  CPU2:Core1: 2,668421
  CPU2:Core2: 2,515789
  CPU2:Core3: 2,763158
  CPU2:Core4: 2,789474
  CPU2:Core5: 2,931579
  CPU2:Core6: 2,721053
  CPU2:Core7: 2,715789
  CPU2:Core8: 2,631579
  CPU2:Core9: 2,563158
  CPU2:Core10: 2,468421
  CPU3:Core1: 4,373684
  CPU3:Core2: 3,773684
  CPU3:Core3: 4,484211
  CPU3:Core4: 3,861111
  CPU3:Core5: 4,050000
  CPU3:Core6: 3,905556
  CPU3:Core7: 3,638889
  CPU3:Core8: 3,750000
  CPU3:Core9: 3,794444
  CPU3:Core10: 3,722222
  CPU4:Core1: 2,377778
  CPU4:Core2: 1,377778
  CPU4:Core3: 1,344444
  CPU4:Core4: 1,461111
  CPU4:Core5: 1,400000
  CPU4:Core6: 1,372222
  CPU4:Core7: 1,350000
  CPU4:Core8: 1,261111
  CPU4:Core9: 1,400000
  CPU4:Core10: 1,377778
  
  CPU1:Core1: 3,083784
  CPU1:Core2: 3,362162
  CPU1:Core3: 3,367568
  CPU1:Core4: 3,202703
  CPU1:Core5: 3,491892
  CPU1:Core6: 3,064865
  CPU1:Core7: 3,191892
  CPU1:Core8: 3,132432
  CPU1:Core9: 3,056757
  CPU1:Core10: 2,883784
  CPU2:Core1: 3,145946
  CPU2:Core2: 3,140541
  CPU2:Core3: 3,437838
  CPU2:Core4: 3,505405
  CPU2:Core5: 3,489189
  CPU2:Core6: 3,378378
  CPU2:Core7: 3,256757
  CPU2:Core8: 3,202703
  CPU2:Core9: 3,062162
  CPU2:Core10: 2,852778
  CPU3:Core1: 5,002778
  CPU3:Core2: 4,577778
  CPU3:Core3: 5,433333
  CPU3:Core4: 4,669444
  CPU3:Core5: 4,563889
  CPU3:Core6: 4,600000
  CPU3:Core7: 4,363889
  CPU3:Core8: 4,413889
  CPU3:Core9: 4,400000
  CPU3:Core10: 4,269444
  CPU4:Core1: 2,980556
  CPU4:Core2: 1,880556
  CPU4:Core3: 1,827778
  CPU4:Core4: 1,872222
  CPU4:Core5: 1,936111
  CPU4:Core6: 1,777778
  CPU4:Core7: 1,747222
  CPU4:Core8: 1,763889
  CPU4:Core9: 1,688889
  CPU4:Core10: 1,725000
  
  CPU1:Core1: 3,494737
  CPU1:Core2: 3,678947
  CPU1:Core3: 3,831579
  CPU1:Core4: 3,710526
  CPU1:Core5: 3,894737
  CPU1:Core6: 3,584211
  CPU1:Core7: 3,600000
  CPU1:Core8: 3,515789
  CPU1:Core9: 3,400000
  CPU1:Core10: 3,200000
  CPU2:Core1: 3,505263
  CPU2:Core2: 3,436842
  CPU2:Core3: 3,689474
  CPU2:Core4: 3,789474
  CPU2:Core5: 3,936842
  CPU2:Core6: 3,800000
  CPU2:Core7: 3,673684
  CPU2:Core8: 3,631579
  CPU2:Core9: 3,436842
  CPU2:Core10: 3,273684
  CPU3:Core1: 5,510526
  CPU3:Core2: 5,063158
  CPU3:Core3: 5,905263
  CPU3:Core4: 5,168421
  CPU3:Core5: 5,457895
  CPU3:Core6: 5,152632
  CPU3:Core7: 4,952632
  CPU3:Core8: 5,052632
  CPU3:Core9: 4,921053
  CPU3:Core10: 4,810526
  CPU4:Core1: 3,100000
  CPU4:Core2: 2,084211
  CPU4:Core3: 2,010526
  CPU4:Core4: 2,215789
  CPU4:Core5: 2,221053
  CPU4:Core6: 2,105263
  CPU4:Core7: 2,072222
  CPU4:Core8: 2,000000
  CPU4:Core9: 2,000000
  CPU4:Core10: 2,050000
  
  CPU1:Core1: 3,972973
  CPU1:Core2: 4,110811
  CPU1:Core3: 4,229730
  CPU1:Core4: 4,000000
  CPU1:Core5: 4,286486
  CPU1:Core6: 4,016216
  CPU1:Core7: 4,075676
  CPU1:Core8: 3,867568
  CPU1:Core9: 3,786486
  CPU1:Core10: 3,516216
  CPU2:Core1: 4,081081
  CPU2:Core2: 4,048649
  CPU2:Core3: 4,389189
  CPU2:Core4: 4,278378
  CPU2:Core5: 4,621622
  CPU2:Core6: 4,329730
  CPU2:Core7: 4,316216
  CPU2:Core8: 4,140541
  CPU2:Core9: 4,072973
  CPU2:Core10: 3,751351
  CPU3:Core1: 6,262162
  CPU3:Core2: 5,848649
  CPU3:Core3: 6,705405
  CPU3:Core4: 5,943243
  CPU3:Core5: 5,962162
  CPU3:Core6: 5,905405
  CPU3:Core7: 5,597222
  CPU3:Core8: 5,861111
  CPU3:Core9: 5,777778
  CPU3:Core10: 5,511111
  CPU4:Core1: 3,536111
  CPU4:Core2: 2,219444
  CPU4:Core3: 2,316667
  CPU4:Core4: 2,250000
  CPU4:Core5: 2,286111
  CPU4:Core6: 2,383333
  CPU4:Core7: 2,233333
  CPU4:Core8: 2,183333
  CPU4:Core9: 2,194444
  CPU4:Core10: 2,152778
  
  CPU1:Core1: 4,042105
  CPU1:Core2: 4,400000
  CPU1:Core3: 4,605263
  CPU1:Core4: 4,252632
  CPU1:Core5: 4,542105
  CPU1:Core6: 4,142105
  CPU1:Core7: 4,189474
  CPU1:Core8: 4,100000
  CPU1:Core9: 4,068421
  CPU1:Core10: 3,710526
  CPU2:Core1: 4,331579
  CPU2:Core2: 4,478947
  CPU2:Core3: 4,931579
  CPU2:Core4: 4,889474
  CPU2:Core5: 5,047368
  CPU2:Core6: 4,789474
  CPU2:Core7: 4,657895
  CPU2:Core8: 4,500000
  CPU2:Core9: 4,342105
  CPU2:Core10: 4,126316
  CPU3:Core1: 6,700000
  CPU3:Core2: 6,115789
  CPU3:Core3: 6,852632
  CPU3:Core4: 6,136842
  CPU3:Core5: 6,305263
  CPU3:Core6: 6,231579
  CPU3:Core7: 5,673684
  CPU3:Core8: 5,952632
  CPU3:Core9: 5,878947
  CPU3:Core10: 5,652632
  CPU4:Core1: 3,873684
  CPU4:Core2: 2,405263
  CPU4:Core3: 2,426316
  CPU4:Core4: 2,584211
  CPU4:Core5: 2,389474
  CPU4:Core6: 2,578947
  CPU4:Core7: 2,357895
  CPU4:Core8: 2,484211
  CPU4:Core9: 2,383333
  CPU4:Core10: 2,194444
  
  CPU1:Core1: 4,264865
  CPU1:Core2: 4,835135
  CPU1:Core3: 4,932432
  CPU1:Core4: 4,608108
  CPU1:Core5: 4,948649
  CPU1:Core6: 4,467568
  CPU1:Core7: 4,524324
  CPU1:Core8: 4,432432
  CPU1:Core9: 4,437838
  CPU1:Core10: 4,048649
  CPU2:Core1: 5,018919
  CPU2:Core2: 5,045946
  CPU2:Core3: 5,611111
  CPU2:Core4: 5,397222
  CPU2:Core5: 5,555556
  CPU2:Core6: 5,447222
  CPU2:Core7: 5,325000
  CPU2:Core8: 5,138889
  CPU2:Core9: 4,830556
  CPU2:Core10: 4,572222
  CPU3:Core1: 7,319444
  CPU3:Core2: 6,597222
  CPU3:Core3: 7,744444
  CPU3:Core4: 6,905556
  CPU3:Core5: 7,030556
  CPU3:Core6: 6,877778
  CPU3:Core7: 6,558333
  CPU3:Core8: 6,627778
  CPU3:Core9: 6,647222
  CPU3:Core10: 6,477778
  CPU4:Core1: 3,988889
  CPU4:Core2: 2,633333
  CPU4:Core3: 2,638889
  CPU4:Core4: 2,730556
  CPU4:Core5: 2,758333
  CPU4:Core6: 2,697222
  CPU4:Core7: 2,613889
  CPU4:Core8: 2,552778
  CPU4:Core9: 2,563889
  CPU4:Core10: 2,602778
  
  CPU1:Core1: 4,743243
  CPU1:Core2: 5,386486
  CPU1:Core3: 5,432432
  CPU1:Core4: 5,237838
  CPU1:Core5: 5,591892
  CPU1:Core6: 5,129730
  CPU1:Core7: 5,051351
  CPU1:Core8: 5,048649
  CPU1:Core9: 4,778378
  CPU1:Core10: 4,648649
  CPU2:Core1: 5,308108
  CPU2:Core2: 5,210811
  CPU2:Core3: 5,735135
  CPU2:Core4: 5,770270
  CPU2:Core5: 5,845946
  CPU2:Core6: 5,600000
  CPU2:Core7: 5,654054
  CPU2:Core8: 5,464865
  CPU2:Core9: 5,327027
  CPU2:Core10: 4,813514
  CPU3:Core1: 7,966667
  CPU3:Core2: 7,369444
  CPU3:Core3: 8,244444
  CPU3:Core4: 7,291667
  CPU3:Core5: 7,480556
  CPU3:Core6: 7,427778
  CPU3:Core7: 7,194444
  CPU3:Core8: 7,047222
  CPU3:Core9: 7,016667
  CPU3:Core10: 7,136111
  CPU4:Core1: 4,086111
  CPU4:Core2: 2,816667
  CPU4:Core3: 2,866667
  CPU4:Core4: 3,005556
  CPU4:Core5: 2,886111
  CPU4:Core6: 2,819444
  CPU4:Core7: 2,786111
  CPU4:Core8: 2,783333
  CPU4:Core9: 2,622222
  CPU4:Core10: 2,752778
  
  CPU1:Core1: 5,191892
  CPU1:Core2: 5,748649
  CPU1:Core3: 5,956757
  CPU1:Core4: 5,351351
  CPU1:Core5: 5,970270
  CPU1:Core6: 5,451351
  CPU1:Core7: 5,375676
  CPU1:Core8: 5,413514
  CPU1:Core9: 5,135135
  CPU1:Core10: 4,862162
  CPU2:Core1: 5,770270
  CPU2:Core2: 5,686486
  CPU2:Core3: 6,367568
  CPU2:Core4: 6,324324
  CPU2:Core5: 6,537838
  CPU2:Core6: 6,113514
  CPU2:Core7: 6,072973
  CPU2:Core8: 5,932432
  CPU2:Core9: 5,702703
  CPU2:Core10: 5,241667
  CPU3:Core1: 8,291667
  CPU3:Core2: 7,927778
  CPU3:Core3: 8,825000
  CPU3:Core4: 7,763889
  CPU3:Core5: 8,116667
  CPU3:Core6: 7,925000
  CPU3:Core7: 7,577778
  CPU3:Core8: 7,561111
  CPU3:Core9: 7,669444
  CPU3:Core10: 7,483333
  CPU4:Core1: 4,411111
  CPU4:Core2: 3,111111
  CPU4:Core3: 3,086111
  CPU4:Core4: 2,994444
  CPU4:Core5: 3,222222
  CPU4:Core6: 3,030556
  CPU4:Core7: 2,997222
  CPU4:Core8: 2,938889
  CPU4:Core9: 2,852778
  CPU4:Core10: 2,852778
  
  CPU1:Core1: 5,916216
  CPU1:Core2: 6,351351
  CPU1:Core3: 6,645946
  CPU1:Core4: 6,245946
  CPU1:Core5: 6,716216
  CPU1:Core6: 6,056757
  CPU1:Core7: 6,232432
  CPU1:Core8: 5,908108
  CPU1:Core9: 5,818919
  CPU1:Core10: 5,345946
  CPU2:Core1: 5,972973
  CPU2:Core2: 6,045946
  CPU2:Core3: 6,783784
  CPU2:Core4: 6,651351
  CPU2:Core5: 6,983784
  CPU2:Core6: 6,462162
  CPU2:Core7: 6,416216
  CPU2:Core8: 6,200000
  CPU2:Core9: 5,956757
  CPU2:Core10: 5,662162
  CPU3:Core1: 9,175676
  CPU3:Core2: 8,767568
  CPU3:Core3: 9,581081
  CPU3:Core4: 8,713514
  CPU3:Core5: 8,954054
  CPU3:Core6: 8,629730
  CPU3:Core7: 8,759459
  CPU3:Core8: 8,605405
  CPU3:Core9: 8,464865
  CPU3:Core10: 8,459459
  CPU4:Core1: 4,894595
  CPU4:Core2: 3,335135
  CPU4:Core3: 3,467568
  CPU4:Core4: 3,354054
  CPU4:Core5: 3,418919
  CPU4:Core6: 3,375676
  CPU4:Core7: 3,297297
  CPU4:Core8: 3,135135
  CPU4:Core9: 3,205556
  CPU4:Core10: 3,152778
  
  CPU1:Core1: 6,168421
  CPU1:Core2: 6,942105
  CPU1:Core3: 7,189474
  CPU1:Core4: 6,436842
  CPU1:Core5: 7,000000
  CPU1:Core6: 6,594737
  CPU1:Core7: 6,547368
  CPU1:Core8: 6,331579
  CPU1:Core9: 6,121053
  CPU1:Core10: 5,831579
  CPU2:Core1: 6,115789
  CPU2:Core2: 6,368421
  CPU2:Core3: 6,915789
  CPU2:Core4: 6,821053
  CPU2:Core5: 7,078947
  CPU2:Core6: 6,668421
  CPU2:Core7: 6,552632
  CPU2:Core8: 6,378947
  CPU2:Core9: 6,294737
  CPU2:Core10: 5,536842
  CPU3:Core1: 9,878947
  CPU3:Core2: 9,363158
  CPU3:Core3: 9,789474
  CPU3:Core4: 9,515789
  CPU3:Core5: 9,163158
  CPU3:Core6: 9,036842
  CPU3:Core7: 9,373684
  CPU3:Core8: 8,931579
  CPU3:Core9: 8,726316
  CPU3:Core10: 8,821053
  CPU4:Core1: 4,768421
  CPU4:Core2: 3,805263
  CPU4:Core3: 3,752632
  CPU4:Core4: 3,963158
  CPU4:Core5: 3,905263
  CPU4:Core6: 3,805263
  CPU4:Core7: 3,821053
  CPU4:Core8: 3,584211
  CPU4:Core9: 3,584211
  CPU4:Core10: 3,700000
  
  CPU1:Core1: 6,800000
  CPU1:Core2: 7,616216
  CPU1:Core3: 7,772973
  CPU1:Core4: 7,291892
  CPU1:Core5: 7,816216
  CPU1:Core6: 7,243243
  CPU1:Core7: 7,210811
  CPU1:Core8: 7,027027
  CPU1:Core9: 6,875676
  CPU1:Core10: 6,448649
  CPU2:Core1: 6,862162
  CPU2:Core2: 7,064865
  CPU2:Core3: 7,794595
  CPU2:Core4: 7,670270
  CPU2:Core5: 7,835135
  CPU2:Core6: 7,664865
  CPU2:Core7: 7,441667
  CPU2:Core8: 7,141667
  CPU2:Core9: 6,916667
  CPU2:Core10: 6,375000
  CPU3:Core1: 10,738889
  CPU3:Core2: 9,988889
  CPU3:Core3: 11,422222
  CPU3:Core4: 10,291667
  CPU3:Core5: 10,605556
  CPU3:Core6: 10,008333
  CPU3:Core7: 9,738889
  CPU3:Core8: 9,919444
  CPU3:Core9: 9,741667
  CPU3:Core10: 9,619444
  CPU4:Core1: 5,366667
  CPU4:Core2: 3,963889
  CPU4:Core3: 4,111111
  CPU4:Core4: 4,172222
  CPU4:Core5: 4,183333
  CPU4:Core6: 4,075000
  CPU4:Core7: 4,050000
  CPU4:Core8: 4,000000
  CPU4:Core9: 3,944444
  CPU4:Core10: 3,783333
  
  CPU1:Core1: 7,381081
  CPU1:Core2: 8,094595
  CPU1:Core3: 8,445946
  CPU1:Core4: 7,948649
  CPU1:Core5: 8,372973
  CPU1:Core6: 7,829730
  CPU1:Core7: 7,886486
  CPU1:Core8: 7,651351
  CPU1:Core9: 7,432432
  CPU1:Core10: 7,035135
  CPU2:Core1: 7,672973
  CPU2:Core2: 7,564865
  CPU2:Core3: 8,489189
  CPU2:Core4: 8,429730
  CPU2:Core5: 8,659459
  CPU2:Core6: 8,235135
  CPU2:Core7: 8,064865
  CPU2:Core8: 7,829730
  CPU2:Core9: 7,764865
  CPU2:Core10: 6,827027
  CPU3:Core1: 11,610811
  CPU3:Core2: 11,040541
  CPU3:Core3: 11,221622
  CPU3:Core4: 10,762162
  CPU3:Core5: 11,432432
  CPU3:Core6: 11,018919
  CPU3:Core7: 10,713514
  CPU3:Core8: 10,672973
  CPU3:Core9: 10,805405
  CPU3:Core10: 10,297297
  CPU4:Core1: 5,672973
  CPU4:Core2: 4,278378
  CPU4:Core3: 4,240541
  CPU4:Core4: 4,351351
  CPU4:Core5: 4,237838
  CPU4:Core6: 4,394595
  CPU4:Core7: 4,118919
  CPU4:Core8: 4,097297
  CPU4:Core9: 3,964865
  CPU4:Core10: 3,872973
  
  CPU1:Core1: 7,921622
  CPU1:Core2: 8,700000
  CPU1:Core3: 8,878378
  CPU1:Core4: 8,551351
  CPU1:Core5: 9,089189
  CPU1:Core6: 8,372973
  CPU1:Core7: 8,343243
  CPU1:Core8: 8,072973
  CPU1:Core9: 8,040541
  CPU1:Core10: 7,429730
  CPU2:Core1: 8,381081
  CPU2:Core2: 8,486486
  CPU2:Core3: 9,525000
  CPU2:Core4: 9,313889
  CPU2:Core5: 9,600000
  CPU2:Core6: 9,202778
  CPU2:Core7: 8,888889
  CPU2:Core8: 8,933333
  CPU2:Core9: 8,469444
  CPU2:Core10: 7,847222
  CPU3:Core1: 13,013889
  CPU3:Core2: 12,602778
  CPU3:Core3: 13,305556
  CPU3:Core4: 12,555556
  CPU3:Core5: 12,991667
  CPU3:Core6: 12,563889
  CPU3:Core7: 12,197222
  CPU3:Core8: 11,719444
  CPU3:Core9: 11,905556
  CPU3:Core10: 11,825000
  CPU4:Core1: 6,544444
  CPU4:Core2: 4,902778
  CPU4:Core3: 4,869444
  CPU4:Core4: 4,913889
  CPU4:Core5: 5,027778
  CPU4:Core6: 4,986111
  CPU4:Core7: 4,922222
  CPU4:Core8: 4,613889
  CPU4:Core9: 4,688889
  CPU4:Core10: 4,408333
  
  CPU1:Core1: 9,224324
  CPU1:Core2: 10,024324
  CPU1:Core3: 10,575676
  CPU1:Core4: 9,940541
  CPU1:Core5: 10,686486
  CPU1:Core6: 9,710811
  CPU1:Core7: 9,651351
  CPU1:Core8: 9,421622
  CPU1:Core9: 9,335135
  CPU1:Core10: 8,648649
  CPU2:Core1: 9,335135
  CPU2:Core2: 9,491892
  CPU2:Core3: 10,643243
  CPU2:Core4: 10,570270
  CPU2:Core5: 10,932432
  CPU2:Core6: 10,218919
  CPU2:Core7: 10,100000
  CPU2:Core8: 9,877778
  CPU2:Core9: 9,550000
  CPU2:Core10: 8,591667
  CPU3:Core1: 14,911111
  CPU3:Core2: 14,016667
  CPU3:Core3: 15,005556
  CPU3:Core4: 14,169444
  CPU3:Core5: 14,744444
  CPU3:Core6: 14,341667
  CPU3:Core7: 13,877778
  CPU3:Core8: 13,683333
  CPU3:Core9: 13,588889
  CPU3:Core10: 13,363889
  CPU4:Core1: 7,625000
  CPU4:Core2: 5,500000
  CPU4:Core3: 5,427778
  CPU4:Core4: 5,613889
  CPU4:Core5: 5,730556
  CPU4:Core6: 5,480556
  CPU4:Core7: 5,377778
  CPU4:Core8: 5,252778
  CPU4:Core9: 5,275000
  CPU4:Core10: 5,011111
  
  CPU1:Core1: 10,094737
  CPU1:Core2: 10,831579
  CPU1:Core3: 11,252632
  CPU1:Core4: 10,542105
  CPU1:Core5: 11,252632
  CPU1:Core6: 10,457895
  CPU1:Core7: 10,447368
  CPU1:Core8: 10,110526
  CPU1:Core9: 9,715789
  CPU1:Core10: 9,257895
  CPU2:Core1: 10,122222
  CPU2:Core2: 10,405556
  CPU2:Core3: 11,816667
  CPU2:Core4: 11,466667
  CPU2:Core5: 12,216667
  CPU2:Core6: 11,616667
  CPU2:Core7: 11,300000
  CPU2:Core8: 10,788889
  CPU2:Core9: 10,466667
  CPU2:Core10: 9,538889
  CPU3:Core1: 16,150000
  CPU3:Core2: 15,166667
  CPU3:Core3: 15,794444
  CPU3:Core4: 15,455556
  CPU3:Core5: 15,516667
  CPU3:Core6: 15,077778
  CPU3:Core7: 14,627778
  CPU3:Core8: 14,572222
  CPU3:Core9: 14,633333
  CPU3:Core10: 14,494444
  CPU4:Core1: 8,294444
  CPU4:Core2: 6,116667
  CPU4:Core3: 6,377778
  CPU4:Core4: 6,366667
  CPU4:Core5: 6,372222
  CPU4:Core6: 6,238889
  CPU4:Core7: 5,927778
  CPU4:Core8: 5,988889
  CPU4:Core9: 5,766667
  CPU4:Core10: 5,838889
  Avg:  10,711996

  CPUT1:Core1: 11,189474
  CPUT1:Core2: 12,068421
  CPUT1:Core3: 12,252632
  CPUT1:Core4: 11,242105
  CPUT1:Core5: 11,352632
  CPUT1:Core6: 10,742105
  CPUT1:Core7: 10,326316
  CPUT1:Core8: 10,373684
  CPUT1:Core9: 10,278947
  CPUT1:Core10: 10,373684
  CPUT2:Core1: 11,194737
  CPUT2:Core2: 12,000000
  CPUT2:Core3: 11,647368
  CPUT2:Core4: 12,084211
  CPUT2:Core5: 11,894737
  CPUT2:Core6: 10,757895
  CPUT2:Core7: 10,400000
  CPUT2:Core8: 10,531579
  CPUT2:Core9: 10,405263
  CPUT2:Core10: 10,278947
  CPUT3:Core1: 4,221053
  CPUT3:Core2: 4,442105
  CPUT3:Core3: 4,357895
  CPUT3:Core4: 4,447368
  CPUT3:Core5: 4,621053
  CPUT3:Core6: 3,942105
  CPUT3:Core7: 3,947368
  CPUT3:Core8: 3,794737
  CPUT3:Core9: 3,568421
  CPUT3:Core10: 3,626316
  CPUT4:Core1: 10,652632
  CPUT4:Core2: 10,931579
  CPUT4:Core3: 11,805263
  CPUT4:Core4: 11,900000
  CPUT4:Core5: 12,131579
  CPUT4:Core6: 11,384211
  CPUT4:Core7: 11,152632
  CPUT4:Core8: 10,894737
  CPUT4:Core9: 10,778947
  CPUT4:Core10: 10,305263
  Avg T:  9,357500

 AVG TPS/CPU
  Avg 19,637088
  Avg Target 22,479552

TRF 550

 TPS
  meravirtu13: 950,837479

 CPU Loads
  CPU1:Core1: 11,511111
  CPU1:Core2: 12,580556
  CPU1:Core3: 13,091667
  CPU1:Core4: 12,066667
  CPU1:Core5: 13,111111
  CPU1:Core6: 12,194444
  CPU1:Core7: 12,097222
  CPU1:Core8: 11,650000
  CPU1:Core9: 11,458333
  CPU1:Core10: 10,691667
  CPU2:Core1: 11,586111
  CPU2:Core2: 11,347222
  CPU2:Core3: 13,141667
  CPU2:Core4: 13,161111
  CPU2:Core5: 13,469444
  CPU2:Core6: 12,897222
  CPU2:Core7: 12,502778
  CPU2:Core8: 12,213889
  CPU2:Core9: 11,877778
  CPU2:Core10: 10,783333
  CPU3:Core1: 18,147222
  CPU3:Core2: 16,738889
  CPU3:Core3: 18,147222
  CPU3:Core4: 17,163889
  CPU3:Core5: 17,747222
  CPU3:Core6: 17,311111
  CPU3:Core7: 16,738889
  CPU3:Core8: 16,625000
  CPU3:Core9: 16,500000
  CPU3:Core10: 16,166667
  CPU4:Core1: 9,030556
  CPU4:Core2: 6,761111
  CPU4:Core3: 6,908333
  CPU4:Core4: 6,863889
  CPU4:Core5: 6,775000
  CPU4:Core6: 6,611111
  CPU4:Core7: 6,455556
  CPU4:Core8: 6,380556
  CPU4:Core9: 6,280556
  CPU4:Core10: 6,305556
  Avg:  12,077292

  CPUT1:Core1: 12,691892
  CPUT1:Core2: 13,483784
  CPUT1:Core3: 13,756757
  CPUT1:Core4: 12,662162
  CPUT1:Core5: 12,910811
  CPUT1:Core6: 12,121622
  CPUT1:Core7: 11,556757
  CPUT1:Core8: 11,575676
  CPUT1:Core9: 11,656757
  CPUT1:Core10: 11,872973
  CPUT2:Core1: 12,751351
  CPUT2:Core2: 13,913514
  CPUT2:Core3: 13,616216
  CPUT2:Core4: 13,432432
  CPUT2:Core5: 13,640541
  CPUT2:Core6: 12,494595
  CPUT2:Core7: 11,918919
  CPUT2:Core8: 12,000000
  CPUT2:Core9: 12,216216
  CPUT2:Core10: 11,770270
  CPUT3:Core1: 4,605556
  CPUT3:Core2: 5,063889
  CPUT3:Core3: 4,894444
  CPUT3:Core4: 4,925000
  CPUT3:Core5: 5,197222
  CPUT3:Core6: 4,402778
  CPUT3:Core7: 4,480556
  CPUT3:Core8: 4,194444
  CPUT3:Core9: 4,008333
  CPUT3:Core10: 4,205556
  CPUT4:Core1: 11,863889
  CPUT4:Core2: 12,483333
  CPUT4:Core3: 13,288889
  CPUT4:Core4: 13,583333
  CPUT4:Core5: 13,744444
  CPUT4:Core6: 12,822222
  CPUT4:Core7: 12,658333
  CPUT4:Core8: 12,188889
  CPUT4:Core9: 12,225000
  CPUT4:Core10: 11,400000
  Avg T:  10,606984

 AVG TPS/CPU
  Avg 19,682340
  Avg Target 22,410647

TRF 600

 TPS
  meravirtu13: 1074,311774

 CPU Loads
  CPU1:Core1: 12,063158
  CPU1:Core2: 13,300000
  CPU1:Core3: 13,615789
  CPU1:Core4: 12,963158
  CPU1:Core5: 14,026316
  CPU1:Core6: 12,605263
  CPU1:Core7: 12,573684
  CPU1:Core8: 12,315789
  CPU1:Core9: 11,800000
  CPU1:Core10: 11,221053
  CPU2:Core1: 13,284211
  CPU2:Core2: 12,947368
  CPU2:Core3: 14,668421
  CPU2:Core4: 14,531579
  CPU2:Core5: 15,005263
  CPU2:Core6: 14,421053
  CPU2:Core7: 13,947368
  CPU2:Core8: 13,768421
  CPU2:Core9: 13,057895
  CPU2:Core10: 12,178947
  CPU3:Core1: 20,436842
  CPU3:Core2: 18,778947
  CPU3:Core3: 19,588889
  CPU3:Core4: 18,827778
  CPU3:Core5: 19,088889
  CPU3:Core6: 19,555556
  CPU3:Core7: 18,605556
  CPU3:Core8: 18,516667
  CPU3:Core9: 18,150000
  CPU3:Core10: 17,677778
  CPU4:Core1: 10,027778
  CPU4:Core2: 7,638889
  CPU4:Core3: 7,605556
  CPU4:Core4: 7,627778
  CPU4:Core5: 7,755556
  CPU4:Core6: 7,244444
  CPU4:Core7: 7,311111
  CPU4:Core8: 7,177778
  CPU4:Core9: 7,000000
  CPU4:Core10: 7,038889
  Avg:  13,248735

  CPUT1:Core1: 13,178947
  CPUT1:Core2: 14,142105
  CPUT1:Core3: 14,584211
  CPUT1:Core4: 13,357895
  CPUT1:Core5: 14,105263
  CPUT1:Core6: 12,726316
  CPUT1:Core7: 12,305263
  CPUT1:Core8: 12,042105
  CPUT1:Core9: 12,231579
  CPUT1:Core10: 12,463158
  CPUT2:Core1: 14,147368
  CPUT2:Core2: 15,221053
  CPUT2:Core3: 14,915789
  CPUT2:Core4: 15,200000
  CPUT2:Core5: 15,126316
  CPUT2:Core6: 13,721053
  CPUT2:Core7: 12,657895
  CPUT2:Core8: 13,489474
  CPUT2:Core9: 13,373684
  CPUT2:Core10: 13,100000
  CPUT3:Core1: 5,021053
  CPUT3:Core2: 5,484211
  CPUT3:Core3: 5,347368
  CPUT3:Core4: 5,436842
  CPUT3:Core5: 5,673684
  CPUT3:Core6: 4,705263
  CPUT3:Core7: 4,794737
  CPUT3:Core8: 4,631579
  CPUT3:Core9: 4,442105
  CPUT3:Core10: 4,589474
  CPUT4:Core1: 13,315789
  CPUT4:Core2: 13,584211
  CPUT4:Core3: 14,836842
  CPUT4:Core4: 14,978947
  CPUT4:Core5: 14,926316
  CPUT4:Core6: 14,342105
  CPUT4:Core7: 13,963158
  CPUT4:Core8: 13,189474
  CPUT4:Core9: 13,415789
  CPUT4:Core10: 12,605263
  Avg T:  11,534342

 AVG TPS/CPU
  Avg 20,271969
  Avg Target 23,285068

Avg. TPS/CPU factor: 19,0087786957
Est. TPS at 50% CPU: 950,438935

Avg. TPS/CPU factor for Target: 21,6434011304
Est. TPS at 50% CPU for Target: 1082,170057

*********************

**** TC101-SCTP ****
*** 64000 Byte message ***

TRF 10

 TPS
  meravirtu13: 17,263682

 CPU Loads
  CPU1:Core1: 0,384211
  CPU1:Core2: 0,268421
  CPU1:Core3: 0,284211
  CPU1:Core4: 0,294737
  CPU1:Core5: 0,242105
  CPU1:Core6: 0,242105
  CPU1:Core7: 0,242105
  CPU1:Core8: 0,226316
  CPU1:Core9: 0,210526
  CPU1:Core10: 0,236842
  CPU2:Core1: 0,384211
  CPU2:Core2: 0,321053
  CPU2:Core3: 0,289474
  CPU2:Core4: 0,273684
  CPU2:Core5: 0,278947
  CPU2:Core6: 0,273684
  CPU2:Core7: 0,268421
  CPU2:Core8: 0,273684
  CPU2:Core9: 0,247368
  CPU2:Core10: 0,226316
  CPU3:Core1: 0,500000
  CPU3:Core2: 0,361111
  CPU3:Core3: 0,727778
  CPU3:Core4: 0,361111
  CPU3:Core5: 0,377778
  CPU3:Core6: 0,322222
  CPU3:Core7: 0,294444
  CPU3:Core8: 0,311111
  CPU3:Core9: 0,316667
  CPU3:Core10: 0,288889
  CPU4:Core1: 0,944444
  CPU4:Core2: 0,511111
  CPU4:Core3: 0,516667
  CPU4:Core4: 0,533333
  CPU4:Core5: 0,538889
  CPU4:Core6: 0,494444
  CPU4:Core7: 0,500000
  CPU4:Core8: 0,505556
  CPU4:Core9: 0,483333
  CPU4:Core10: 0,516667
  
  CPU1:Core1: 0,570270
  CPU1:Core2: 0,448649
  CPU1:Core3: 0,445946
  CPU1:Core4: 0,510811
  CPU1:Core5: 0,475676
  CPU1:Core6: 0,418919
  CPU1:Core7: 0,410811
  CPU1:Core8: 0,416216
  CPU1:Core9: 0,397297
  CPU1:Core10: 0,413514
  CPU2:Core1: 0,564865
  CPU2:Core2: 0,454054
  CPU2:Core3: 0,500000
  CPU2:Core4: 0,451351
  CPU2:Core5: 0,481081
  CPU2:Core6: 0,459459
  CPU2:Core7: 0,424324
  CPU2:Core8: 0,429730
  CPU2:Core9: 0,405405
  CPU2:Core10: 0,394444
  CPU3:Core1: 0,775000
  CPU3:Core2: 0,627778
  CPU3:Core3: 1,005556
  CPU3:Core4: 0,602778
  CPU3:Core5: 0,594444
  CPU3:Core6: 0,591667
  CPU3:Core7: 0,458333
  CPU3:Core8: 0,536111
  CPU3:Core9: 0,538889
  CPU3:Core10: 0,544444
  CPU4:Core1: 1,688889
  CPU4:Core2: 1,161111
  CPU4:Core3: 1,172222
  CPU4:Core4: 1,188889
  CPU4:Core5: 1,194444
  CPU4:Core6: 1,152778
  CPU4:Core7: 1,152778
  CPU4:Core8: 1,177778
  CPU4:Core9: 1,158333
  CPU4:Core10: 1,150000
  
  CPU1:Core1: 0,668421
  CPU1:Core2: 0,594737
  CPU1:Core3: 0,647368
  CPU1:Core4: 0,610526
  CPU1:Core5: 0,647368
  CPU1:Core6: 0,568421
  CPU1:Core7: 0,578947
  CPU1:Core8: 0,552632
  CPU1:Core9: 0,521053
  CPU1:Core10: 0,547368
  CPU2:Core1: 0,715789
  CPU2:Core2: 0,615789
  CPU2:Core3: 0,715789
  CPU2:Core4: 0,663158
  CPU2:Core5: 0,721053
  CPU2:Core6: 0,663158
  CPU2:Core7: 0,668421
  CPU2:Core8: 0,605263
  CPU2:Core9: 0,584211
  CPU2:Core10: 0,573684
  CPU3:Core1: 1,073684
  CPU3:Core2: 0,873684
  CPU3:Core3: 1,405263
  CPU3:Core4: 0,894737
  CPU3:Core5: 0,915789
  CPU3:Core6: 0,842105
  CPU3:Core7: 0,721053
  CPU3:Core8: 0,826316
  CPU3:Core9: 0,789474
  CPU3:Core10: 0,768421
  CPU4:Core1: 2,636842
  CPU4:Core2: 1,873684
  CPU4:Core3: 1,863158
  CPU4:Core4: 1,842105
  CPU4:Core5: 1,889474
  CPU4:Core6: 1,915789
  CPU4:Core7: 1,752632
  CPU4:Core8: 1,826316
  CPU4:Core9: 1,805263
  CPU4:Core10: 1,822222
  
  CPU1:Core1: 0,881081
  CPU1:Core2: 0,789189
  CPU1:Core3: 0,891892
  CPU1:Core4: 0,805405
  CPU1:Core5: 0,894595
  CPU1:Core6: 0,751351
  CPU1:Core7: 0,764865
  CPU1:Core8: 0,740541
  CPU1:Core9: 0,705405
  CPU1:Core10: 0,640541
  CPU2:Core1: 0,883784
  CPU2:Core2: 0,805405
  CPU2:Core3: 0,948649
  CPU2:Core4: 0,900000
  CPU2:Core5: 0,921622
  CPU2:Core6: 0,870270
  CPU2:Core7: 0,837838
  CPU2:Core8: 0,810811
  CPU2:Core9: 0,789189
  CPU2:Core10: 0,737838
  CPU3:Core1: 1,429730
  CPU3:Core2: 1,132432
  CPU3:Core3: 1,659459
  CPU3:Core4: 1,170270
  CPU3:Core5: 1,175676
  CPU3:Core6: 1,186111
  CPU3:Core7: 0,988889
  CPU3:Core8: 1,069444
  CPU3:Core9: 1,102778
  CPU3:Core10: 1,063889
  CPU4:Core1: 3,458333
  CPU4:Core2: 2,694444
  CPU4:Core3: 2,547222
  CPU4:Core4: 2,655556
  CPU4:Core5: 2,666667
  CPU4:Core6: 2,611111
  CPU4:Core7: 2,575000
  CPU4:Core8: 2,575000
  CPU4:Core9: 2,555556
  CPU4:Core10: 2,569444
  
  CPU1:Core1: 1,057895
  CPU1:Core2: 0,989474
  CPU1:Core3: 1,068421
  CPU1:Core4: 1,010526
  CPU1:Core5: 1,042105
  CPU1:Core6: 0,900000
  CPU1:Core7: 0,926316
  CPU1:Core8: 0,957895
  CPU1:Core9: 0,889474
  CPU1:Core10: 0,831579
  CPU2:Core1: 1,031579
  CPU2:Core2: 0,915789
  CPU2:Core3: 1,126316
  CPU2:Core4: 1,084211
  CPU2:Core5: 1,157895
  CPU2:Core6: 1,015789
  CPU2:Core7: 1,000000
  CPU2:Core8: 1,026316
  CPU2:Core9: 0,915789
  CPU2:Core10: 0,847368
  CPU3:Core1: 1,836842
  CPU3:Core2: 1,436842
  CPU3:Core3: 2,173684
  CPU3:Core4: 1,468421
  CPU3:Core5: 1,515789
  CPU3:Core6: 1,389474
  CPU3:Core7: 1,247368
  CPU3:Core8: 1,347368
  CPU3:Core9: 1,326316
  CPU3:Core10: 1,326316
  CPU4:Core1: 4,394737
  CPU4:Core2: 3,189474
  CPU4:Core3: 3,115789
  CPU4:Core4: 3,221053
  CPU4:Core5: 3,257895
  CPU4:Core6: 3,121053
  CPU4:Core7: 3,200000
  CPU4:Core8: 3,161111
  CPU4:Core9: 3,144444
  CPU4:Core10: 3,200000
  
  CPU1:Core1: 1,075676
  CPU1:Core2: 1,040541
  CPU1:Core3: 1,151351
  CPU1:Core4: 1,062162
  CPU1:Core5: 1,200000
  CPU1:Core6: 0,964865
  CPU1:Core7: 1,018919
  CPU1:Core8: 1,005405
  CPU1:Core9: 0,929730
  CPU1:Core10: 0,905405
  CPU2:Core1: 1,275676
  CPU2:Core2: 1,045946
  CPU2:Core3: 1,308108
  CPU2:Core4: 1,262162
  CPU2:Core5: 1,354054
  CPU2:Core6: 1,221622
  CPU2:Core7: 1,167568
  CPU2:Core8: 1,148649
  CPU2:Core9: 1,127027
  CPU2:Core10: 1,005405
  CPU3:Core1: 1,824324
  CPU3:Core2: 1,594595
  CPU3:Core3: 2,262162
  CPU3:Core4: 1,632432
  CPU3:Core5: 1,635135
  CPU3:Core6: 1,572973
  CPU3:Core7: 1,389189
  CPU3:Core8: 1,518919
  CPU3:Core9: 1,505405
  CPU3:Core10: 1,441667
  CPU4:Core1: 4,600000
  CPU4:Core2: 3,602778
  CPU4:Core3: 3,633333
  CPU4:Core4: 3,691667
  CPU4:Core5: 3,663889
  CPU4:Core6: 3,619444
  CPU4:Core7: 3,608333
  CPU4:Core8: 3,575000
  CPU4:Core9: 3,566667
  CPU4:Core10: 3,588889
  
  CPU1:Core1: 1,252632
  CPU1:Core2: 1,300000
  CPU1:Core3: 1,431579
  CPU1:Core4: 1,300000
  CPU1:Core5: 1,431579
  CPU1:Core6: 1,231579
  CPU1:Core7: 1,310526
  CPU1:Core8: 1,194737
  CPU1:Core9: 1,105263
  CPU1:Core10: 1,005263
  CPU2:Core1: 1,315789
  CPU2:Core2: 1,226316
  CPU2:Core3: 1,426316
  CPU2:Core4: 1,347368
  CPU2:Core5: 1,447368
  CPU2:Core6: 1,268421
  CPU2:Core7: 1,305263
  CPU2:Core8: 1,210526
  CPU2:Core9: 1,157895
  CPU2:Core10: 1,121053
  CPU3:Core1: 2,215789
  CPU3:Core2: 1,810526
  CPU3:Core3: 2,715789
  CPU3:Core4: 1,773684
  CPU3:Core5: 1,821053
  CPU3:Core6: 1,863158
  CPU3:Core7: 1,621053
  CPU3:Core8: 1,800000
  CPU3:Core9: 1,715789
  CPU3:Core10: 1,678947
  CPU4:Core1: 5,189474
  CPU4:Core2: 4,173684
  CPU4:Core3: 4,152632
  CPU4:Core4: 4,238889
  CPU4:Core5: 4,238889
  CPU4:Core6: 4,216667
  CPU4:Core7: 4,050000
  CPU4:Core8: 4,238889
  CPU4:Core9: 4,022222
  CPU4:Core10: 3,972222
  
  CPU1:Core1: 1,570270
  CPU1:Core2: 1,529730
  CPU1:Core3: 1,694595
  CPU1:Core4: 1,600000
  CPU1:Core5: 1,708108
  CPU1:Core6: 1,440541
  CPU1:Core7: 1,467568
  CPU1:Core8: 1,421622
  CPU1:Core9: 1,351351
  CPU1:Core10: 1,308108
  CPU2:Core1: 1,583784
  CPU2:Core2: 1,489189
  CPU2:Core3: 1,832432
  CPU2:Core4: 1,756757
  CPU2:Core5: 1,805405
  CPU2:Core6: 1,624324
  CPU2:Core7: 1,632432
  CPU2:Core8: 1,554054
  CPU2:Core9: 1,486486
  CPU2:Core10: 1,389189
  CPU3:Core1: 2,618919
  CPU3:Core2: 2,316216
  CPU3:Core3: 3,072973
  CPU3:Core4: 2,286486
  CPU3:Core5: 2,383784
  CPU3:Core6: 2,237838
  CPU3:Core7: 2,010811
  CPU3:Core8: 2,251351
  CPU3:Core9: 2,216216
  CPU3:Core10: 2,121622
  CPU4:Core1: 6,741667
  CPU4:Core2: 5,297222
  CPU4:Core3: 5,350000
  CPU4:Core4: 5,441667
  CPU4:Core5: 5,441667
  CPU4:Core6: 5,366667
  CPU4:Core7: 5,227778
  CPU4:Core8: 5,333333
  CPU4:Core9: 5,244444
  CPU4:Core10: 5,386111
  
  CPU1:Core1: 1,678947
  CPU1:Core2: 1,657895
  CPU1:Core3: 1,800000
  CPU1:Core4: 1,789474
  CPU1:Core5: 1,810526
  CPU1:Core6: 1,584211
  CPU1:Core7: 1,610526
  CPU1:Core8: 1,505263
  CPU1:Core9: 1,478947
  CPU1:Core10: 1,384211
  CPU2:Core1: 1,731579
  CPU2:Core2: 1,636842
  CPU2:Core3: 2,031579
  CPU2:Core4: 1,963158
  CPU2:Core5: 2,105263
  CPU2:Core6: 1,868421
  CPU2:Core7: 1,821053
  CPU2:Core8: 1,715789
  CPU2:Core9: 1,647368
  CPU2:Core10: 1,494737
  CPU3:Core1: 2,978947
  CPU3:Core2: 2,605263
  CPU3:Core3: 3,378947
  CPU3:Core4: 2,710526
  CPU3:Core5: 2,631579
  CPU3:Core6: 2,484211
  CPU3:Core7: 2,347368
  CPU3:Core8: 2,415789
  CPU3:Core9: 2,594737
  CPU3:Core10: 2,473684
  CPU4:Core1: 7,994737
  CPU4:Core2: 6,389474
  CPU4:Core3: 6,489474
  CPU4:Core4: 6,536842
  CPU4:Core5: 6,489474
  CPU4:Core6: 6,352632
  CPU4:Core7: 6,352632
  CPU4:Core8: 6,452632
  CPU4:Core9: 6,378947
  CPU4:Core10: 6,415789
  
  CPU1:Core1: 1,854054
  CPU1:Core2: 1,908108
  CPU1:Core3: 2,110811
  CPU1:Core4: 2,016216
  CPU1:Core5: 2,167568
  CPU1:Core6: 1,824324
  CPU1:Core7: 1,889189
  CPU1:Core8: 1,789189
  CPU1:Core9: 1,729730
  CPU1:Core10: 1,613514
  CPU2:Core1: 1,954054
  CPU2:Core2: 1,843243
  CPU2:Core3: 2,262162
  CPU2:Core4: 2,189189
  CPU2:Core5: 2,324324
  CPU2:Core6: 1,964865
  CPU2:Core7: 1,991892
  CPU2:Core8: 1,913514
  CPU2:Core9: 1,818919
  CPU2:Core10: 1,686486
  CPU3:Core1: 3,258333
  CPU3:Core2: 2,844444
  CPU3:Core3: 3,541667
  CPU3:Core4: 2,786111
  CPU3:Core5: 2,930556
  CPU3:Core6: 2,797222
  CPU3:Core7: 2,636111
  CPU3:Core8: 2,738889
  CPU3:Core9: 2,722222
  CPU3:Core10: 2,605556
  CPU4:Core1: 8,333333
  CPU4:Core2: 6,975000
  CPU4:Core3: 7,075000
  CPU4:Core4: 7,083333
  CPU4:Core5: 7,050000
  CPU4:Core6: 7,150000
  CPU4:Core7: 6,961111
  CPU4:Core8: 6,922222
  CPU4:Core9: 7,002778
  CPU4:Core10: 6,725000
  
  CPU1:Core1: 1,886486
  CPU1:Core2: 1,967568
  CPU1:Core3: 2,129730
  CPU1:Core4: 2,002703
  CPU1:Core5: 2,172973
  CPU1:Core6: 1,843243
  CPU1:Core7: 1,870270
  CPU1:Core8: 1,810811
  CPU1:Core9: 1,764865
  CPU1:Core10: 1,608108
  CPU2:Core1: 2,048649
  CPU2:Core2: 1,959459
  CPU2:Core3: 2,313514
  CPU2:Core4: 2,316216
  CPU2:Core5: 2,356757
  CPU2:Core6: 2,121622
  CPU2:Core7: 2,110811
  CPU2:Core8: 2,024324
  CPU2:Core9: 1,905405
  CPU2:Core10: 1,754054
  CPU3:Core1: 3,454054
  CPU3:Core2: 3,070270
  CPU3:Core3: 3,997297
  CPU3:Core4: 3,043243
  CPU3:Core5: 3,156757
  CPU3:Core6: 3,110811
  CPU3:Core7: 2,872973
  CPU3:Core8: 3,008108
  CPU3:Core9: 2,929730
  CPU3:Core10: 2,983784
  CPU4:Core1: 8,537838
  CPU4:Core2: 7,159459
  CPU4:Core3: 7,259459
  CPU4:Core4: 7,278378
  CPU4:Core5: 7,345946
  CPU4:Core6: 7,178378
  CPU4:Core7: 6,983784
  CPU4:Core8: 7,229730
  CPU4:Core9: 7,024324
  CPU4:Core10: 6,940541
  
  CPU1:Core1: 1,989189
  CPU1:Core2: 2,113514
  CPU1:Core3: 2,297297
  CPU1:Core4: 2,197297
  CPU1:Core5: 2,337838
  CPU1:Core6: 1,959459
  CPU1:Core7: 1,978378
  CPU1:Core8: 1,916216
  CPU1:Core9: 1,881081
  CPU1:Core10: 1,713514
  CPU2:Core1: 2,151351
  CPU2:Core2: 2,091892
  CPU2:Core3: 2,456757
  CPU2:Core4: 2,418919
  CPU2:Core5: 2,472973
  CPU2:Core6: 2,202703
  CPU2:Core7: 2,186486
  CPU2:Core8: 2,081081
  CPU2:Core9: 1,994595
  CPU2:Core10: 1,791892
  CPU3:Core1: 3,633333
  CPU3:Core2: 3,188889
  CPU3:Core3: 4,075000
  CPU3:Core4: 3,230556
  CPU3:Core5: 3,363889
  CPU3:Core6: 3,213889
  CPU3:Core7: 3,072222
  CPU3:Core8: 3,102778
  CPU3:Core9: 3,000000
  CPU3:Core10: 2,997222
  CPU4:Core1: 9,019444
  CPU4:Core2: 7,858333
  CPU4:Core3: 7,875000
  CPU4:Core4: 8,025000
  CPU4:Core5: 8,002778
  CPU4:Core6: 7,908333
  CPU4:Core7: 7,875000
  CPU4:Core8: 7,888889
  CPU4:Core9: 7,569444
  CPU4:Core10: 7,608333
  
  CPU1:Core1: 2,178378
  CPU1:Core2: 2,354054
  CPU1:Core3: 2,613514
  CPU1:Core4: 2,454054
  CPU1:Core5: 2,710811
  CPU1:Core6: 2,286486
  CPU1:Core7: 2,256757
  CPU1:Core8: 2,210811
  CPU1:Core9: 2,167568
  CPU1:Core10: 1,935135
  CPU2:Core1: 2,359459
  CPU2:Core2: 2,291892
  CPU2:Core3: 2,662162
  CPU2:Core4: 2,721622
  CPU2:Core5: 2,764865
  CPU2:Core6: 2,445946
  CPU2:Core7: 2,459459
  CPU2:Core8: 2,351351
  CPU2:Core9: 2,210811
  CPU2:Core10: 2,048649
  CPU3:Core1: 3,905405
  CPU3:Core2: 3,554054
  CPU3:Core3: 4,281081
  CPU3:Core4: 3,535135
  CPU3:Core5: 3,754054
  CPU3:Core6: 3,616216
  CPU3:Core7: 3,291892
  CPU3:Core8: 3,516667
  CPU3:Core9: 3,358333
  CPU3:Core10: 3,352778
  CPU4:Core1: 9,969444
  CPU4:Core2: 8,902778
  CPU4:Core3: 8,736111
  CPU4:Core4: 8,919444
  CPU4:Core5: 9,080556
  CPU4:Core6: 8,911111
  CPU4:Core7: 8,902778
  CPU4:Core8: 8,777778
  CPU4:Core9: 8,419444
  CPU4:Core10: 8,608333
  
  CPU1:Core1: 2,447368
  CPU1:Core2: 2,552632
  CPU1:Core3: 2,852632
  CPU1:Core4: 2,573684
  CPU1:Core5: 2,826316
  CPU1:Core6: 2,457895
  CPU1:Core7: 2,536842
  CPU1:Core8: 2,331579
  CPU1:Core9: 2,247368
  CPU1:Core10: 2,073684
  CPU2:Core1: 2,521053
  CPU2:Core2: 2,452632
  CPU2:Core3: 2,826316
  CPU2:Core4: 2,910526
  CPU2:Core5: 3,052632
  CPU2:Core6: 2,736842
  CPU2:Core7: 2,578947
  CPU2:Core8: 2,478947
  CPU2:Core9: 2,384211
  CPU2:Core10: 2,215789
  CPU3:Core1: 4,763158
  CPU3:Core2: 4,168421
  CPU3:Core3: 5,052632
  CPU3:Core4: 4,047368
  CPU3:Core5: 4,421053
  CPU3:Core6: 4,000000
  CPU3:Core7: 3,957895
  CPU3:Core8: 3,921053
  CPU3:Core9: 4,231579
  CPU3:Core10: 3,805263
  CPU4:Core1: 11,784211
  CPU4:Core2: 9,957895
  CPU4:Core3: 9,984211
  CPU4:Core4: 10,131579
  CPU4:Core5: 10,021053
  CPU4:Core6: 10,100000
  CPU4:Core7: 9,889474
  CPU4:Core8: 10,010526
  CPU4:Core9: 9,973684
  CPU4:Core10: 10,000000
  
  CPU1:Core1: 2,535135
  CPU1:Core2: 2,708108
  CPU1:Core3: 3,013514
  CPU1:Core4: 2,821622
  CPU1:Core5: 3,097297
  CPU1:Core6: 2,627027
  CPU1:Core7: 2,602703
  CPU1:Core8: 2,505405
  CPU1:Core9: 2,443243
  CPU1:Core10: 2,189189
  CPU2:Core1: 2,648649
  CPU2:Core2: 2,583784
  CPU2:Core3: 3,078378
  CPU2:Core4: 3,027027
  CPU2:Core5: 3,167568
  CPU2:Core6: 2,832432
  CPU2:Core7: 2,854054
  CPU2:Core8: 2,637838
  CPU2:Core9: 2,470270
  CPU2:Core10: 2,229730
  CPU3:Core1: 4,632432
  CPU3:Core2: 4,043243
  CPU3:Core3: 5,072973
  CPU3:Core4: 4,132432
  CPU3:Core5: 4,186486
  CPU3:Core6: 4,200000
  CPU3:Core7: 3,889189
  CPU3:Core8: 3,989189
  CPU3:Core9: 3,888889
  CPU3:Core10: 3,783333
  CPU4:Core1: 11,636111
  CPU4:Core2: 10,313889
  CPU4:Core3: 10,230556
  CPU4:Core4: 10,505556
  CPU4:Core5: 10,669444
  CPU4:Core6: 10,488889
  CPU4:Core7: 10,152778
  CPU4:Core8: 10,280556
  CPU4:Core9: 10,066667
  CPU4:Core10: 10,119444
  
  CPU1:Core1: 2,726316
  CPU1:Core2: 2,878947
  CPU1:Core3: 3,178947
  CPU1:Core4: 3,042105
  CPU1:Core5: 3,184211
  CPU1:Core6: 2,810526
  CPU1:Core7: 2,831579
  CPU1:Core8: 2,647368
  CPU1:Core9: 2,531579
  CPU1:Core10: 2,368421
  CPU2:Core1: 2,842105
  CPU2:Core2: 2,789474
  CPU2:Core3: 3,384211
  CPU2:Core4: 3,336842
  CPU2:Core5: 3,478947
  CPU2:Core6: 3,031579
  CPU2:Core7: 3,052632
  CPU2:Core8: 2,757895
  CPU2:Core9: 2,736842
  CPU2:Core10: 2,352632
  CPU3:Core1: 5,015789
  CPU3:Core2: 4,278947
  CPU3:Core3: 5,368421
  CPU3:Core4: 4,457895
  CPU3:Core5: 4,442105
  CPU3:Core6: 4,168421
  CPU3:Core7: 3,910526
  CPU3:Core8: 4,084211
  CPU3:Core9: 4,105263
  CPU3:Core10: 3,978947
  CPU4:Core1: 12,588889
  CPU4:Core2: 10,944444
  CPU4:Core3: 11,361111
  CPU4:Core4: 11,183333
  CPU4:Core5: 11,433333
  CPU4:Core6: 10,950000
  CPU4:Core7: 10,961111
  CPU4:Core8: 10,644444
  CPU4:Core9: 10,822222
  CPU4:Core10: 10,700000
  
  CPU1:Core1: 3,094595
  CPU1:Core2: 3,310811
  CPU1:Core3: 3,740541
  CPU1:Core4: 3,410811
  CPU1:Core5: 3,713514
  CPU1:Core6: 3,200000
  CPU1:Core7: 3,245946
  CPU1:Core8: 3,113514
  CPU1:Core9: 2,970270
  CPU1:Core10: 2,735135
  CPU2:Core1: 3,213514
  CPU2:Core2: 3,145946
  CPU2:Core3: 3,832432
  CPU2:Core4: 3,767568
  CPU2:Core5: 3,924324
  CPU2:Core6: 3,505405
  CPU2:Core7: 3,443243
  CPU2:Core8: 3,208108
  CPU2:Core9: 3,140541
  CPU2:Core10: 2,724324
  CPU3:Core1: 5,440541
  CPU3:Core2: 4,986486
  CPU3:Core3: 5,897297
  CPU3:Core4: 4,718919
  CPU3:Core5: 4,883333
  CPU3:Core6: 4,713889
  CPU3:Core7: 4,436111
  CPU3:Core8: 4,644444
  CPU3:Core9: 4,563889
  CPU3:Core10: 4,508333
  CPU4:Core1: 13,577778
  CPU4:Core2: 11,636111
  CPU4:Core3: 11,950000
  CPU4:Core4: 11,919444
  CPU4:Core5: 12,108333
  CPU4:Core6: 11,794444
  CPU4:Core7: 11,938889
  CPU4:Core8: 11,577778
  CPU4:Core9: 11,600000
  CPU4:Core10: 11,413889
  
  CPU1:Core1: 3,359459
  CPU1:Core2: 3,645946
  CPU1:Core3: 3,997297
  CPU1:Core4: 3,678378
  CPU1:Core5: 4,018919
  CPU1:Core6: 3,518919
  CPU1:Core7: 3,472973
  CPU1:Core8: 3,308108
  CPU1:Core9: 3,210811
  CPU1:Core10: 2,972973
  CPU2:Core1: 3,432432
  CPU2:Core2: 3,316216
  CPU2:Core3: 4,154054
  CPU2:Core4: 4,054054
  CPU2:Core5: 4,224324
  CPU2:Core6: 3,735135
  CPU2:Core7: 3,721622
  CPU2:Core8: 3,505405
  CPU2:Core9: 3,400000
  CPU2:Core10: 2,978378
  CPU3:Core1: 5,764865
  CPU3:Core2: 5,332432
  CPU3:Core3: 6,381081
  CPU3:Core4: 5,262162
  CPU3:Core5: 5,367568
  CPU3:Core6: 5,375676
  CPU3:Core7: 5,035135
  CPU3:Core8: 5,054054
  CPU3:Core9: 4,948649
  CPU3:Core10: 4,959459
  CPU4:Core1: 14,647222
  CPU4:Core2: 13,030556
  CPU4:Core3: 13,016667
  CPU4:Core4: 13,180556
  CPU4:Core5: 13,391667
  CPU4:Core6: 13,188889
  CPU4:Core7: 13,272222
  CPU4:Core8: 12,791667
  CPU4:Core9: 12,694444
  CPU4:Core10: 12,580556
  
  CPU1:Core1: 3,827027
  CPU1:Core2: 4,148649
  CPU1:Core3: 4,629730
  CPU1:Core4: 4,275676
  CPU1:Core5: 4,618919
  CPU1:Core6: 4,013514
  CPU1:Core7: 4,018919
  CPU1:Core8: 3,854054
  CPU1:Core9: 3,751351
  CPU1:Core10: 3,462162
  CPU2:Core1: 3,829730
  CPU2:Core2: 3,735135
  CPU2:Core3: 4,570270
  CPU2:Core4: 4,491892
  CPU2:Core5: 4,697297
  CPU2:Core6: 4,143243
  CPU2:Core7: 4,048649
  CPU2:Core8: 3,900000
  CPU2:Core9: 3,659459
  CPU2:Core10: 3,337838
  CPU3:Core1: 6,637838
  CPU3:Core2: 5,794595
  CPU3:Core3: 7,221622
  CPU3:Core4: 5,980556
  CPU3:Core5: 6,102778
  CPU3:Core6: 6,036111
  CPU3:Core7: 5,555556
  CPU3:Core8: 5,772222
  CPU3:Core9: 5,780556
  CPU3:Core10: 5,488889
  CPU4:Core1: 15,836111
  CPU4:Core2: 14,222222
  CPU4:Core3: 14,427778
  CPU4:Core4: 14,497222
  CPU4:Core5: 14,733333
  CPU4:Core6: 14,916667
  CPU4:Core7: 14,330556
  CPU4:Core8: 14,172222
  CPU4:Core9: 13,866667
  CPU4:Core10: 13,836111
  
  CPU1:Core1: 4,172973
  CPU1:Core2: 4,437838
  CPU1:Core3: 4,891892
  CPU1:Core4: 4,540541
  CPU1:Core5: 4,964865
  CPU1:Core6: 4,294595
  CPU1:Core7: 4,237838
  CPU1:Core8: 4,118919
  CPU1:Core9: 3,962162
  CPU1:Core10: 3,635135
  CPU2:Core1: 4,064865
  CPU2:Core2: 3,924324
  CPU2:Core3: 4,759459
  CPU2:Core4: 4,735135
  CPU2:Core5: 4,956757
  CPU2:Core6: 4,413514
  CPU2:Core7: 4,308108
  CPU2:Core8: 4,064865
  CPU2:Core9: 3,897297
  CPU2:Core10: 3,513514
  CPU3:Core1: 6,930556
  CPU3:Core2: 6,208333
  CPU3:Core3: 7,594444
  CPU3:Core4: 6,263889
  CPU3:Core5: 6,436111
  CPU3:Core6: 6,375000
  CPU3:Core7: 5,766667
  CPU3:Core8: 6,069444
  CPU3:Core9: 5,922222
  CPU3:Core10: 5,755556
  CPU4:Core1: 16,683333
  CPU4:Core2: 14,697222
  CPU4:Core3: 14,791667
  CPU4:Core4: 15,000000
  CPU4:Core5: 15,397222
  CPU4:Core6: 14,725000
  CPU4:Core7: 14,552778
  CPU4:Core8: 14,552778
  CPU4:Core9: 14,394444
  CPU4:Core10: 14,286111
  
  CPU1:Core1: 4,373684
  CPU1:Core2: 4,584211
  CPU1:Core3: 5,215789
  CPU1:Core4: 4,736842
  CPU1:Core5: 5,084211
  CPU1:Core6: 4,452632
  CPU1:Core7: 4,442105
  CPU1:Core8: 4,363158
  CPU1:Core9: 4,078947
  CPU1:Core10: 3,805263
  CPU2:Core1: 4,252632
  CPU2:Core2: 4,084211
  CPU2:Core3: 4,910526
  CPU2:Core4: 4,905263
  CPU2:Core5: 5,084211
  CPU2:Core6: 4,431579
  CPU2:Core7: 4,536842
  CPU2:Core8: 4,321053
  CPU2:Core9: 4,089474
  CPU2:Core10: 3,726316
  CPU3:Core1: 7,273684
  CPU3:Core2: 6,247368
  CPU3:Core3: 8,026316
  CPU3:Core4: 6,336842
  CPU3:Core5: 6,605263
  CPU3:Core6: 6,405263
  CPU3:Core7: 5,573684
  CPU3:Core8: 5,905263
  CPU3:Core9: 6,088889
  CPU3:Core10: 5,838889
  CPU4:Core1: 17,605556
  CPU4:Core2: 14,911111
  CPU4:Core3: 15,183333
  CPU4:Core4: 15,383333
  CPU4:Core5: 15,394444
  CPU4:Core6: 15,211111
  CPU4:Core7: 14,861111
  CPU4:Core8: 14,977778
  CPU4:Core9: 14,844444
  CPU4:Core10: 14,572222
  
  CPU1:Core1: 4,405405
  CPU1:Core2: 4,716216
  CPU1:Core3: 5,272973
  CPU1:Core4: 4,872973
  CPU1:Core5: 5,259459
  CPU1:Core6: 4,505405
  CPU1:Core7: 4,540541
  CPU1:Core8: 4,370270
  CPU1:Core9: 4,216216
  CPU1:Core10: 3,962162
  CPU2:Core1: 4,221622
  CPU2:Core2: 4,316216
  CPU2:Core3: 5,016216
  CPU2:Core4: 5,159459
  CPU2:Core5: 5,167568
  CPU2:Core6: 4,659459
  CPU2:Core7: 4,624324
  CPU2:Core8: 4,343243
  CPU2:Core9: 4,213514
  CPU2:Core10: 3,716216
  CPU3:Core1: 7,427027
  CPU3:Core2: 6,675676
  CPU3:Core3: 8,336111
  CPU3:Core4: 6,600000
  CPU3:Core5: 6,680556
  CPU3:Core6: 6,619444
  CPU3:Core7: 6,175000
  CPU3:Core8: 6,155556
  CPU3:Core9: 6,041667
  CPU3:Core10: 5,897222
  CPU4:Core1: 17,827778
  CPU4:Core2: 15,133333
  CPU4:Core3: 15,397222
  CPU4:Core4: 15,397222
  CPU4:Core5: 15,838889
  CPU4:Core6: 15,530556
  CPU4:Core7: 15,127778
  CPU4:Core8: 14,919444
  CPU4:Core9: 14,472222
  CPU4:Core10: 14,733333
  
  CPU1:Core1: 4,563158
  CPU1:Core2: 4,931579
  CPU1:Core3: 5,336842
  CPU1:Core4: 4,994737
  CPU1:Core5: 5,352632
  CPU1:Core6: 4,700000
  CPU1:Core7: 4,705263
  CPU1:Core8: 4,378947
  CPU1:Core9: 4,415789
  CPU1:Core10: 4,026316
  CPU2:Core1: 4,352632
  CPU2:Core2: 4,294737
  CPU2:Core3: 5,263158
  CPU2:Core4: 5,247368
  CPU2:Core5: 5,384211
  CPU2:Core6: 4,768421
  CPU2:Core7: 4,647368
  CPU2:Core8: 4,531579
  CPU2:Core9: 4,289474
  CPU2:Core10: 3,926316
  CPU3:Core1: 7,821053
  CPU3:Core2: 6,668421
  CPU3:Core3: 8,452632
  CPU3:Core4: 6,773684
  CPU3:Core5: 6,747368
  CPU3:Core6: 6,800000
  CPU3:Core7: 6,036842
  CPU3:Core8: 6,257895
  CPU3:Core9: 6,189474
  CPU3:Core10: 5,989474
  CPU4:Core1: 18,016667
  CPU4:Core2: 15,711111
  CPU4:Core3: 15,800000
  CPU4:Core4: 15,916667
  CPU4:Core5: 15,983333
  CPU4:Core6: 15,655556
  CPU4:Core7: 15,077778
  CPU4:Core8: 15,077778
  CPU4:Core9: 14,716667
  CPU4:Core10: 14,894444
  